#
# A fatal error has been detected by the Java Runtime Environment:
#
#  SIGSEGV (0xb) at pc=0x00000001065cb7c2, pid=3343, tid=7683
#
# JRE version: OpenJDK Runtime Environment Homebrew (16.0.1) (build 16.0.1+0)
# Java VM: OpenJDK 64-Bit Server VM Homebrew (16.0.1+0, mixed mode, sharing, tiered, compressed oops, compressed class ptrs, g1 gc, bsd-amd64)
# Problematic frame:
# V  [libjvm.dylib+0x72c7c2]  ArgumentSizeComputer::ArgumentSizeComputer(Symbol*)+0x28
#
# No core dump will be written. Core dumps have been disabled. To enable core dumping, try "ulimit -c unlimited" before starting Java again
#
# If you would like to submit a bug report, please visit:
#   https://github.com/Homebrew/homebrew-core/issues
#

---------------  S U M M A R Y ------------

Command Line: -Dclassworlds.conf=/usr/local/Cellar/maven/3.8.1/libexec/bin/m2.conf -Dmaven.home=/usr/local/Cellar/maven/3.8.1/libexec -Dlibrary.jansi.path=/usr/local/Cellar/maven/3.8.1/libexec/lib/jansi-native -Dmaven.multiModuleProjectDirectory=/Users/zayden/Documents/workspace/Mood/post-service org.codehaus.plexus.classworlds.launcher.Launcher clean compile package -DskipTests=true

Host: MacBookPro15,1 x86_64 2200 MHz, 12 cores, 16G, Darwin 20.6.0, macOS 11.6 (20G165)
Time: Thu Oct 14 14:51:47 2021 KST elapsed time: 6.214679 seconds (0d 0h 0m 6s)

---------------  T H R E A D  ---------------

Current thread (0x00007fc28f808a00):  JavaThread "main" [_thread_in_vm, id=7683, stack(0x0000700003ba5000,0x0000700003ca5000)]

Stack: [0x0000700003ba5000,0x0000700003ca5000],  sp=0x0000700003ca3620,  free space=1017k
Native frames: (J=compiled Java code, A=aot compiled Java code, j=interpreted, Vv=VM code, C=native code)
V  [libjvm.dylib+0x72c7c2]  ArgumentSizeComputer::ArgumentSizeComputer(Symbol*)+0x28
V  [libjvm.dylib+0x2d3e7c]  frame::interpreter_callee_receiver_addr(Symbol*)+0x1a
V  [libjvm.dylib+0x39b548]  InterpreterRuntime::resolve_invoke(JavaThread*, Bytecodes::Code)+0x130
V  [libjvm.dylib+0x39bb32]  InterpreterRuntime::resolve_from_cache(JavaThread*, Bytecodes::Code)+0x32
j  org.codehaus.plexus.components.io.resources.PlexusIoFileResourceCollection.setDefaultAttributes(ILjava/lang/String;ILjava/lang/String;II)V+11
j  org.codehaus.plexus.archiver.AbstractArchiver.addFileSet(Lorg/codehaus/plexus/archiver/FileSet;)V+277
j  org.codehaus.plexus.archiver.AbstractArchiver.addDirectory(Ljava/io/File;[Ljava/lang/String;[Ljava/lang/String;)V+31
j  org.apache.maven.plugins.jar.AbstractJarMojo.createArchive()Ljava/io/File;+260
j  org.apache.maven.plugins.jar.AbstractJarMojo.execute()V+81
j  org.apache.maven.plugin.DefaultBuildPluginManager.executeMojo(Lorg/apache/maven/execution/MavenSession;Lorg/apache/maven/plugin/MojoExecution;)V+152
j  org.apache.maven.lifecycle.internal.MojoExecutor.execute(Lorg/apache/maven/execution/MavenSession;Lorg/apache/maven/plugin/MojoExecution;Lorg/apache/maven/lifecycle/internal/ProjectIndex;Lorg/apache/maven/lifecycle/internal/DependencyContext;)V+215
j  org.apache.maven.lifecycle.internal.MojoExecutor.execute(Lorg/apache/maven/execution/MavenSession;Lorg/apache/maven/plugin/MojoExecution;Lorg/apache/maven/lifecycle/internal/ProjectIndex;Lorg/apache/maven/lifecycle/internal/DependencyContext;Lorg/apache/maven/lifecycle/internal/PhaseRecorder;)V+6
j  org.apache.maven.lifecycle.internal.MojoExecutor.execute(Lorg/apache/maven/execution/MavenSession;Ljava/util/List;Lorg/apache/maven/lifecycle/internal/ProjectIndex;)V+60
j  org.apache.maven.lifecycle.internal.LifecycleModuleBuilder.buildProject(Lorg/apache/maven/execution/MavenSession;Lorg/apache/maven/execution/MavenSession;Lorg/apache/maven/lifecycle/internal/ReactorContext;Lorg/apache/maven/project/MavenProject;Lorg/apache/maven/lifecycle/internal/TaskSegment;)V+179
j  org.apache.maven.lifecycle.internal.LifecycleModuleBuilder.buildProject(Lorg/apache/maven/execution/MavenSession;Lorg/apache/maven/lifecycle/internal/ReactorContext;Lorg/apache/maven/project/MavenProject;Lorg/apache/maven/lifecycle/internal/TaskSegment;)V+7
j  org.apache.maven.lifecycle.internal.builder.singlethreaded.SingleThreadedBuilder.build(Lorg/apache/maven/execution/MavenSession;Lorg/apache/maven/lifecycle/internal/ReactorContext;Lorg/apache/maven/lifecycle/internal/ProjectBuildList;Ljava/util/List;Lorg/apache/maven/lifecycle/internal/ReactorBuildStatus;)V+77
j  org.apache.maven.lifecycle.internal.LifecycleStarter.execute(Lorg/apache/maven/execution/MavenSession;)V+348
j  org.apache.maven.DefaultMaven.doExecute(Lorg/apache/maven/execution/MavenExecutionRequest;Lorg/apache/maven/execution/MavenSession;Lorg/apache/maven/execution/MavenExecutionResult;Lorg/eclipse/aether/DefaultRepositorySystemSession;)Lorg/apache/maven/execution/MavenExecutionResult;+425
j  org.apache.maven.DefaultMaven.doExecute(Lorg/apache/maven/execution/MavenExecutionRequest;)Lorg/apache/maven/execution/MavenExecutionResult;+98
j  org.apache.maven.DefaultMaven.execute(Lorg/apache/maven/execution/MavenExecutionRequest;)Lorg/apache/maven/execution/MavenExecutionResult;+2
j  org.apache.maven.cli.MavenCli.execute(Lorg/apache/maven/cli/CliRequest;)I+27
j  org.apache.maven.cli.MavenCli.doMain(Lorg/apache/maven/cli/CliRequest;)I+66
j  org.apache.maven.cli.MavenCli.main([Ljava/lang/String;Lorg/codehaus/plexus/classworlds/ClassWorld;)I+24
v  ~StubRoutines::call_stub
V  [libjvm.dylib+0x3a0707]  JavaCalls::call_helper(JavaValue*, methodHandle const&, JavaCallArguments*, Thread*)+0x22b
V  [libjvm.dylib+0x6a4150]  invoke(InstanceKlass*, methodHandle const&, Handle, bool, objArrayHandle, BasicType, objArrayHandle, bool, Thread*)+0x787
V  [libjvm.dylib+0x6a396b]  Reflection::invoke_method(oopDesc*, Handle, objArrayHandle, Thread*)+0xeb
V  [libjvm.dylib+0x436f87]  JVM_InvokeMethod+0x1b7
j  jdk.internal.reflect.NativeMethodAccessorImpl.invoke0(Ljava/lang/reflect/Method;Ljava/lang/Object;[Ljava/lang/Object;)Ljava/lang/Object;+0 java.base@16.0.1
j  jdk.internal.reflect.NativeMethodAccessorImpl.invoke(Ljava/lang/Object;[Ljava/lang/Object;)Ljava/lang/Object;+146 java.base@16.0.1
j  jdk.internal.reflect.DelegatingMethodAccessorImpl.invoke(Ljava/lang/Object;[Ljava/lang/Object;)Ljava/lang/Object;+6 java.base@16.0.1
j  java.lang.reflect.Method.invoke(Ljava/lang/Object;[Ljava/lang/Object;)Ljava/lang/Object;+59 java.base@16.0.1
j  org.codehaus.plexus.classworlds.launcher.Launcher.launchEnhanced([Ljava/lang/String;)V+45
j  org.codehaus.plexus.classworlds.launcher.Launcher.launch([Ljava/lang/String;)V+2
j  org.codehaus.plexus.classworlds.launcher.Launcher.mainWithExitCode([Ljava/lang/String;)I+101
j  org.codehaus.plexus.classworlds.launcher.Launcher.main([Ljava/lang/String;)V+1
v  ~StubRoutines::call_stub
V  [libjvm.dylib+0x3a0707]  JavaCalls::call_helper(JavaValue*, methodHandle const&, JavaCallArguments*, Thread*)+0x22b
V  [libjvm.dylib+0x3f2166]  jni_invoke_static(JNIEnv_*, JavaValue*, _jobject*, JNICallType, _jmethodID*, JNI_ArgumentPusher*, Thread*)+0xcd
V  [libjvm.dylib+0x3f4f5a]  jni_CallStaticVoidMethod+0x143
C  [libjli.dylib+0x9e7d]  JavaMain+0xaab
C  [libjli.dylib+0xc024]  ThreadJavaMain+0x9
C  [libsystem_pthread.dylib+0x68fc]  _pthread_start+0xe0
C  [libsystem_pthread.dylib+0x2443]  thread_start+0xf

Java frames: (J=compiled Java code, j=interpreted, Vv=VM code)
j  org.codehaus.plexus.components.io.resources.PlexusIoFileResourceCollection.setDefaultAttributes(ILjava/lang/String;ILjava/lang/String;II)V+11
j  org.codehaus.plexus.archiver.AbstractArchiver.addFileSet(Lorg/codehaus/plexus/archiver/FileSet;)V+277
j  org.codehaus.plexus.archiver.AbstractArchiver.addDirectory(Ljava/io/File;[Ljava/lang/String;[Ljava/lang/String;)V+31
j  org.apache.maven.plugins.jar.AbstractJarMojo.createArchive()Ljava/io/File;+260
j  org.apache.maven.plugins.jar.AbstractJarMojo.execute()V+81
j  org.apache.maven.plugin.DefaultBuildPluginManager.executeMojo(Lorg/apache/maven/execution/MavenSession;Lorg/apache/maven/plugin/MojoExecution;)V+152
j  org.apache.maven.lifecycle.internal.MojoExecutor.execute(Lorg/apache/maven/execution/MavenSession;Lorg/apache/maven/plugin/MojoExecution;Lorg/apache/maven/lifecycle/internal/ProjectIndex;Lorg/apache/maven/lifecycle/internal/DependencyContext;)V+215
j  org.apache.maven.lifecycle.internal.MojoExecutor.execute(Lorg/apache/maven/execution/MavenSession;Lorg/apache/maven/plugin/MojoExecution;Lorg/apache/maven/lifecycle/internal/ProjectIndex;Lorg/apache/maven/lifecycle/internal/DependencyContext;Lorg/apache/maven/lifecycle/internal/PhaseRecorder;)V+6
j  org.apache.maven.lifecycle.internal.MojoExecutor.execute(Lorg/apache/maven/execution/MavenSession;Ljava/util/List;Lorg/apache/maven/lifecycle/internal/ProjectIndex;)V+60
j  org.apache.maven.lifecycle.internal.LifecycleModuleBuilder.buildProject(Lorg/apache/maven/execution/MavenSession;Lorg/apache/maven/execution/MavenSession;Lorg/apache/maven/lifecycle/internal/ReactorContext;Lorg/apache/maven/project/MavenProject;Lorg/apache/maven/lifecycle/internal/TaskSegment;)V+179
j  org.apache.maven.lifecycle.internal.LifecycleModuleBuilder.buildProject(Lorg/apache/maven/execution/MavenSession;Lorg/apache/maven/lifecycle/internal/ReactorContext;Lorg/apache/maven/project/MavenProject;Lorg/apache/maven/lifecycle/internal/TaskSegment;)V+7
j  org.apache.maven.lifecycle.internal.builder.singlethreaded.SingleThreadedBuilder.build(Lorg/apache/maven/execution/MavenSession;Lorg/apache/maven/lifecycle/internal/ReactorContext;Lorg/apache/maven/lifecycle/internal/ProjectBuildList;Ljava/util/List;Lorg/apache/maven/lifecycle/internal/ReactorBuildStatus;)V+77
j  org.apache.maven.lifecycle.internal.LifecycleStarter.execute(Lorg/apache/maven/execution/MavenSession;)V+348
j  org.apache.maven.DefaultMaven.doExecute(Lorg/apache/maven/execution/MavenExecutionRequest;Lorg/apache/maven/execution/MavenSession;Lorg/apache/maven/execution/MavenExecutionResult;Lorg/eclipse/aether/DefaultRepositorySystemSession;)Lorg/apache/maven/execution/MavenExecutionResult;+425
j  org.apache.maven.DefaultMaven.doExecute(Lorg/apache/maven/execution/MavenExecutionRequest;)Lorg/apache/maven/execution/MavenExecutionResult;+98
j  org.apache.maven.DefaultMaven.execute(Lorg/apache/maven/execution/MavenExecutionRequest;)Lorg/apache/maven/execution/MavenExecutionResult;+2
j  org.apache.maven.cli.MavenCli.execute(Lorg/apache/maven/cli/CliRequest;)I+27
j  org.apache.maven.cli.MavenCli.doMain(Lorg/apache/maven/cli/CliRequest;)I+66
j  org.apache.maven.cli.MavenCli.main([Ljava/lang/String;Lorg/codehaus/plexus/classworlds/ClassWorld;)I+24
v  ~StubRoutines::call_stub
j  jdk.internal.reflect.NativeMethodAccessorImpl.invoke0(Ljava/lang/reflect/Method;Ljava/lang/Object;[Ljava/lang/Object;)Ljava/lang/Object;+0 java.base@16.0.1
j  jdk.internal.reflect.NativeMethodAccessorImpl.invoke(Ljava/lang/Object;[Ljava/lang/Object;)Ljava/lang/Object;+146 java.base@16.0.1
j  jdk.internal.reflect.DelegatingMethodAccessorImpl.invoke(Ljava/lang/Object;[Ljava/lang/Object;)Ljava/lang/Object;+6 java.base@16.0.1
j  java.lang.reflect.Method.invoke(Ljava/lang/Object;[Ljava/lang/Object;)Ljava/lang/Object;+59 java.base@16.0.1
j  org.codehaus.plexus.classworlds.launcher.Launcher.launchEnhanced([Ljava/lang/String;)V+45
j  org.codehaus.plexus.classworlds.launcher.Launcher.launch([Ljava/lang/String;)V+2
j  org.codehaus.plexus.classworlds.launcher.Launcher.mainWithExitCode([Ljava/lang/String;)I+101
j  org.codehaus.plexus.classworlds.launcher.Launcher.main([Ljava/lang/String;)V+1
v  ~StubRoutines::call_stub

siginfo: si_signo: 11 (SIGSEGV), si_code: 1 (SEGV_MAPERR), si_addr: 0x0000000000000004

Register to memory mapping:

RAX=0x0 is NULL
RBX=0x0000700003ca3670 is pointing into the stack for thread: 0x00007fc28f808a00
RCX=0x00000000000000c0 is an unknown value
RDX=0x0 is NULL
RSP=0x0000700003ca3620 is pointing into the stack for thread: 0x00007fc28f808a00
RBP=0x0000700003ca3660 is pointing into the stack for thread: 0x00007fc28f808a00
RSI=0x0 is NULL
RDI=0x0000700003ca3670 is pointing into the stack for thread: 0x00007fc28f808a00
R8 =0x0000000106d3b000 points into unknown readable memory: 0x0100050403020100 | 00 01 02 03 04 05 00 01
R9 =0x0 is NULL
R10=0x00000001068fc0f0: _ZN19TemplateInterpreter13_active_tableE+0x4000 in /usr/local/Cellar/openjdk/16.0.1/libexec/openjdk.jdk/Contents/Home/lib/server/libjvm.dylib at 0x0000000105e9f000
R11=0x0 is NULL
R12=0x0000700003ca3700 is pointing into the stack for thread: 0x00007fc28f808a00
R13=0x0000700003ca36c0 is pointing into the stack for thread: 0x00007fc28f808a00
R14=0x0000700003ca3620 is pointing into the stack for thread: 0x00007fc28f808a00
R15=0x00007fc28f808a00 is a thread


Registers:
RAX=0x0000000000000000, RBX=0x0000700003ca3670, RCX=0x00000000000000c0, RDX=0x0000000000000000
RSP=0x0000700003ca3620, RBP=0x0000700003ca3660, RSI=0x0000000000000000, RDI=0x0000700003ca3670
R8 =0x0000000106d3b000, R9 =0x0000000000000000, R10=0x00000001068fc0f0, R11=0x0000000000000000
R12=0x0000700003ca3700, R13=0x0000700003ca36c0, R14=0x0000700003ca3620, R15=0x00007fc28f808a00
RIP=0x00000001065cb7c2, EFLAGS=0x0000000000010246, ERR=0x0000000000000004
  TRAPNO=0x000000000000000e

Top of Stack: (sp=0x0000700003ca3620)
0x0000700003ca3620:   0000000000000000 0000000135003260
0x0000700003ca3630:   0000700003ca3650 0000000106203fc4
0x0000700003ca3640:   0000000106203fb6 0000700003ca36f8
0x0000700003ca3650:   0000700003ca36c0 0000700003ca3670
0x0000700003ca3660:   0000700003ca36a0 0000000106172e7c
0x0000700003ca3670:   0000000000000000 0000000100000063
0x0000700003ca3680:   0000000000000000 0000000100000000
0x0000700003ca3690:   0000700003ca3738 00000000000000b6
0x0000700003ca36a0:   0000700003ca37a0 000000010623a548
0x0000700003ca36b0:   0000700003ca3718 00000001188a2862
0x0000700003ca36c0:   0000700003ca37d8 00000001188a30e6
0x0000700003ca36d0:   0000000118891b10 0000700000000000
0x0000700003ca36e0:   0000700003ca3830 0000700003ca37d8
0x0000700003ca36f0:   0000000000000000 00007fc28f204b70
0x0000700003ca3700:   00007fc28f204d80 00007fc28f204d90
0x0000700003ca3710:   00007fc28f205168 00000000000003d8
0x0000700003ca3720:   0000700003ca37d8 00000000ffffffff
0x0000700003ca3730:   0000000000000000 0000000134f71083
0x0000700003ca3740:   00000000000000b6 0000000134f710f8
0x0000700003ca3750:   00000007142891e0 00000007142891e0
0x0000700003ca3760:   0000000134f710f8 00007fc28f808a00
0x0000700003ca3770:   0000700003ca37d8 00007fc28f808a00
0x0000700003ca3780:   0000000000000000 0000000134f71083
0x0000700003ca3790:   0000700003ca3870 00007fc28f808a00
0x0000700003ca37a0:   0000700003ca37c0 000000010623ab32
0x0000700003ca37b0:   00007fc28f808a00 00000000000000b6
0x0000700003ca37c0:   0000700003ca3830 00000001188a312e
0x0000700003ca37d0:   00000001188a30e6 00000007142891e0
0x0000700003ca37e0:   000000071426ea30 0000700003ca37e8
0x0000700003ca37f0:   0000000134f71083 0000700003ca3870
0x0000700003ca3800:   0000000134f72be0 0000000000000000
0x0000700003ca3810:   000000070e07c268 0000000134f710f8 

Instructions: (pc=0x00000001065cb7c2)
0x00000001065cb6c2:   8d 05 e8 52 32 00 48 8b 40 18 48 89 43 20 48 c7
0x00000001065cb6d2:   43 28 00 00 00 00 48 89 df e8 5c 05 00 00 83 7b
0x00000001065cb6e2:   1c 03 74 12 48 8d 5d c0 48 89 df e8 4a 05 00 00
0x00000001065cb6f2:   83 7d dc 03 75 f2 48 8d 7d c0 8b 47 18 41 89 46
0x00000001065cb702:   08 e8 f0 06 00 00 41 8b 46 08 48 83 c4 30 5b 41
0x00000001065cb712:   5e 5d c3 90 55 48 89 e5 48 89 37 0f b7 46 04 89
0x00000001065cb722:   47 10 89 57 1c 89 57 0c 89 57 08 c7 47 14 00 00
0x00000001065cb732:   00 00 48 8d 05 75 52 32 00 48 8b 40 18 48 89 47
0x00000001065cb742:   20 48 c7 47 28 00 00 00 00 5d e9 eb 04 00 00 90
0x00000001065cb752:   55 48 89 e5 53 50 83 7f 1c 03 74 11 48 89 fb 48
0x00000001065cb762:   89 df e8 d3 04 00 00 83 7b 1c 03 75 f2 48 83 c4
0x00000001065cb772:   08 5b 5d c3 55 48 89 e5 5d e9 78 06 00 00 55 48
0x00000001065cb782:   89 e5 8d 4f fc b0 01 83 f9 0a 72 09 83 ff 0e 0f
0x00000001065cb792:   94 c0 40 20 f0 5d c3 90 55 48 89 e5 41 56 53 48
0x00000001065cb7a2:   83 ec 30 48 89 fb 48 89 37 c7 47 08 63 00 00 00
0x00000001065cb7b2:   31 c0 48 89 47 10 89 47 18 4c 8d 75 c0 49 89 36
0x00000001065cb7c2:   0f b7 4e 04 41 89 4e 10 41 c7 46 1c 01 00 00 00
0x00000001065cb7d2:   48 b9 01 00 00 00 01 00 00 00 49 89 4e 08 41 89
0x00000001065cb7e2:   46 14 48 8d 0d c5 51 32 00 48 8b 49 18 49 89 4e
0x00000001065cb7f2:   20 49 89 46 28 4c 89 f7 e8 3d 04 00 00 41 8b 46
0x00000001065cb802:   18 41 83 7e 1c 03 74 29 4c 8d 75 c0 83 c0 f9 83
0x00000001065cb812:   e0 fb 83 f8 01 8b 43 18 83 d0 00 ff c0 89 43 18
0x00000001065cb822:   4c 89 f7 e8 12 04 00 00 8b 45 d8 83 7d dc 03 75
0x00000001065cb832:   db 89 43 08 48 8d 7d c0 e8 b9 05 00 00 48 83 c4
0x00000001065cb842:   30 5b 41 5e 5d c3 55 48 89 e5 5d e9 48 ff ff ff
0x00000001065cb852:   55 48 89 e5 41 56 53 48 83 ec 30 48 89 fb 48 89
0x00000001065cb862:   37 c7 47 08 63 00 00 00 31 c0 48 89 47 10 89 47
0x00000001065cb872:   18 4c 8d 75 c0 49 89 36 0f b7 4e 04 41 89 4e 10
0x00000001065cb882:   41 c7 46 1c 01 00 00 00 48 b9 01 00 00 00 01 00
0x00000001065cb892:   00 00 49 89 4e 08 41 89 46 14 48 8d 0d 0d 51 32
0x00000001065cb8a2:   00 48 8b 49 18 49 89 4e 20 49 89 46 28 4c 89 f7
0x00000001065cb8b2:   e8 85 03 00 00 41 83 7e 1c 03 74 15 4c 8d 75 c0 


Stack slot to memory mapping:
stack at sp + 0 slots: 0x0 is NULL
stack at sp + 1 slots: {method} {0x0000000135003260} '<init>' '(Ljava/lang/Integer;Ljava/lang/String;Ljava/lang/Integer;Ljava/lang/String;I)V' in 'org/codehaus/plexus/components/io/attributes/SimpleResourceAttributes'
stack at sp + 2 slots: 0x0000700003ca3650 is pointing into the stack for thread: 0x00007fc28f808a00
stack at sp + 3 slots: 0x0000000106203fc4: _ZNK8CodeHeap16find_blob_unsafeEPv+0xe in /usr/local/Cellar/openjdk/16.0.1/libexec/openjdk.jdk/Contents/Home/lib/server/libjvm.dylib at 0x0000000105e9f000
stack at sp + 4 slots: 0x0000000106203fb6: _ZNK8CodeHeap16find_blob_unsafeEPv+0 in /usr/local/Cellar/openjdk/16.0.1/libexec/openjdk.jdk/Contents/Home/lib/server/libjvm.dylib at 0x0000000105e9f000
stack at sp + 5 slots: 0x0000700003ca36f8 is pointing into the stack for thread: 0x00007fc28f808a00
stack at sp + 6 slots: 0x0000700003ca36c0 is pointing into the stack for thread: 0x00007fc28f808a00
stack at sp + 7 slots: 0x0000700003ca3670 is pointing into the stack for thread: 0x00007fc28f808a00


---------------  P R O C E S S  ---------------

Threads class SMR info:
_java_thread_list=0x00007fc2940963d0, length=12, elements={
0x00007fc28f808a00, 0x00007fc28e05fe00, 0x00007fc28e062600, 0x00007fc28e81a000,
0x00007fc28e066800, 0x00007fc28e066e00, 0x00007fc28e819a00, 0x00007fc28e81d000,
0x00007fc2908b0200, 0x00007fc2908bca00, 0x00007fc291808200, 0x00007fc290a4b000
}

Java Threads: ( => current thread )
=>0x00007fc28f808a00 JavaThread "main" [_thread_in_vm, id=7683, stack(0x0000700003ba5000,0x0000700003ca5000)]
  0x00007fc28e05fe00 JavaThread "Reference Handler" daemon [_thread_blocked, id=17923, stack(0x00007000042ba000,0x00007000043ba000)]
  0x00007fc28e062600 JavaThread "Finalizer" daemon [_thread_blocked, id=17667, stack(0x00007000043bd000,0x00007000044bd000)]
  0x00007fc28e81a000 JavaThread "Signal Dispatcher" daemon [_thread_blocked, id=42755, stack(0x00007000045c6000,0x00007000046c6000)]
  0x00007fc28e066800 JavaThread "Service Thread" daemon [_thread_blocked, id=42499, stack(0x00007000046c9000,0x00007000047c9000)]
  0x00007fc28e066e00 JavaThread "Monitor Deflation Thread" daemon [_thread_blocked, id=23299, stack(0x00007000047cc000,0x00007000048cc000)]
  0x00007fc28e819a00 JavaThread "C2 CompilerThread0" daemon [_thread_in_native, id=23555, stack(0x00007000048cf000,0x00007000049cf000)]
  0x00007fc28e81d000 JavaThread "C1 CompilerThread0" daemon [_thread_blocked, id=41731, stack(0x00007000049d2000,0x0000700004ad2000)]
  0x00007fc2908b0200 JavaThread "Sweeper thread" daemon [_thread_blocked, id=23811, stack(0x0000700004ad5000,0x0000700004bd5000)]
  0x00007fc2908bca00 JavaThread "Notification Thread" daemon [_thread_blocked, id=24323, stack(0x0000700004bd8000,0x0000700004cd8000)]
  0x00007fc291808200 JavaThread "Common-Cleaner" daemon [_thread_blocked, id=40707, stack(0x0000700004dde000,0x0000700004ede000)]
  0x00007fc290a4b000 JavaThread "C2 CompilerThread1" daemon [_thread_blocked, id=40451, stack(0x0000700004ee1000,0x0000700004fe1000)]

Other Threads:
  0x00007fc28dc2cfa0 VMThread "VM Thread" [stack: 0x00007000041b7000,0x00007000042b7000] [id=15875] _threads_hazard_ptr=0x00007fc2940963d0
  0x00007fc28dd29c70 WatcherThread [stack: 0x0000700004cdb000,0x0000700004ddb000] [id=41219]
  0x00007fc28dc1d890 GCTaskThread "GC Thread#0" [stack: 0x0000700003ca8000,0x0000700003da8000] [id=20227]
  0x00007fc28f019790 GCTaskThread "GC Thread#1" [stack: 0x0000700004fe4000,0x00007000050e4000] [id=40195]
  0x00007fc28f01a200 GCTaskThread "GC Thread#2" [stack: 0x00007000050e7000,0x00007000051e7000] [id=25347]
  0x00007fc28f01ac70 GCTaskThread "GC Thread#3" [stack: 0x00007000051ea000,0x00007000052ea000] [id=39427]
  0x00007fc28f01b6e0 GCTaskThread "GC Thread#4" [stack: 0x00007000052ed000,0x00007000053ed000] [id=25859]
  0x00007fc28f01c150 GCTaskThread "GC Thread#5" [stack: 0x00007000053f0000,0x00007000054f0000] [id=26371]
  0x00007fc28de8a8c0 GCTaskThread "GC Thread#6" [stack: 0x00007000054f3000,0x00007000055f3000] [id=26627]
  0x00007fc28f267620 GCTaskThread "GC Thread#7" [stack: 0x00007000055f6000,0x00007000056f6000] [id=26883]
  0x00007fc28f268000 GCTaskThread "GC Thread#8" [stack: 0x00007000056f9000,0x00007000057f9000] [id=38659]
  0x00007fc28def6da0 GCTaskThread "GC Thread#9" [stack: 0x00007000057fc000,0x00007000058fc000] [id=38147]
  0x00007fc28dc1e830 ConcurrentGCThread "G1 Main Marker" [stack: 0x0000700003dab000,0x0000700003eab000] [id=13315]
  0x00007fc28dc1f750 ConcurrentGCThread "G1 Conc#0" [stack: 0x0000700003eae000,0x0000700003fae000] [id=19203]
  0x00007fc29449df40 ConcurrentGCThread "G1 Conc#1" [stack: 0x00007000058ff000,0x00007000059ff000] [id=27395]
  0x00007fc292104400 ConcurrentGCThread "G1 Conc#2" [stack: 0x0000700005a02000,0x0000700005b02000] [id=37379]
  0x00007fc28dd20ca0 ConcurrentGCThread "G1 Refine#0" [stack: 0x0000700003fb1000,0x00007000040b1000] [id=13827]
  0x00007fc29455fad0 ConcurrentGCThread "G1 Refine#1" [stack: 0x0000700005b05000,0x0000700005c05000] [id=36867]
  0x00007fc28dd21b40 ConcurrentGCThread "G1 Service" [stack: 0x00007000040b4000,0x00007000041b4000] [id=14083]

Threads with active compile tasks:
C2 CompilerThread0     6228 9750       4       com.google.inject.TypeLiteral::<init> (43 bytes)
C2 CompilerThread1     6228 9756       4       org.codehaus.plexus.classworlds.realm.ClassRealm::getImportClassLoader (47 bytes)

VM state: synchronizing (normal execution)

VM Mutex/Monitor currently owned by a thread:  ([mutex/lock_event])
[0x00007fc28dc129d0] Threads_lock - owner thread: 0x00007fc28dc2cfa0
[0x00007fc28dc13580] Heap_lock - owner thread: 0x00007fc28dc1e830

Heap address: 0x0000000700000000, size: 4096 MB, Compressed Oops mode: Zero based, Oop shift amount: 3

CDS archive(s) mapped at: [0x0000000800000000-0x0000000800bee000-0x0000000800bee000), size 12509184, SharedBaseAddress: 0x0000000800000000, ArchiveRelocationMode: 0.
Compressed class space mapped at: 0x0000000800c00000-0x0000000840c00000, reserved size: 1073741824
Narrow klass base: 0x0000000800000000, Narrow klass shift: 3, Narrow klass range: 0x100000000

GC Precious Log:
 CPUs: 12 total, 12 available
 Memory: 16384M
 Large Page Support: Disabled
 NUMA Support: Disabled
 Compressed Oops: Enabled (Zero based)
 Heap Region Size: 2M
 Heap Min Capacity: 8M
 Heap Initial Capacity: 256M
 Heap Max Capacity: 4G
 Pre-touch: Disabled
 Parallel Workers: 10
 Concurrent Workers: 3
 Concurrent Refinement Workers: 10
 Periodic GC: Disabled

Heap:
 garbage-first heap   total 339968K, used 121218K [0x0000000700000000, 0x0000000800000000)
  region size 2048K, 3 young (6144K), 2 survivors (4096K)
 Metaspace       used 35591K, committed 36032K, reserved 1089536K
  class space    used 3734K, committed 3904K, reserved 1048576K

Heap Regions: E=young(eden), S=young(survivor), O=old, HS=humongous(starts), HC=humongous(continues), CS=collection set, F=free, OA=open archive, CA=closed archive, TAMS=top-at-mark-start (previous, next)
|   0|0x0000000700000000, 0x0000000700200000, 0x0000000700200000|100%| O|  |TAMS 0x0000000700000000, 0x0000000700200000| Untracked 
|   1|0x0000000700200000, 0x0000000700400000, 0x0000000700400000|100%| O|  |TAMS 0x0000000700200000, 0x0000000700400000| Untracked 
|   2|0x0000000700400000, 0x0000000700600000, 0x0000000700600000|100%| O|  |TAMS 0x0000000700400000, 0x0000000700600000| Untracked 
|   3|0x0000000700600000, 0x0000000700800000, 0x0000000700800000|100%| O|  |TAMS 0x0000000700600000, 0x0000000700800000| Untracked 
|   4|0x0000000700800000, 0x0000000700a00000, 0x0000000700a00000|100%| O|  |TAMS 0x0000000700800000, 0x0000000700a00000| Untracked 
|   5|0x0000000700a00000, 0x0000000700c00000, 0x0000000700c00000|100%| O|  |TAMS 0x0000000700a00000, 0x0000000700c00000| Untracked 
|   6|0x0000000700c00000, 0x0000000700e00000, 0x0000000700e00000|100%| O|  |TAMS 0x0000000700c00000, 0x0000000700e00000| Untracked 
|   7|0x0000000700e00000, 0x0000000701000000, 0x0000000701000000|100%| O|  |TAMS 0x0000000700e00000, 0x0000000701000000| Untracked 
|   8|0x0000000701000000, 0x0000000701155400, 0x0000000701200000| 66%| O|  |TAMS 0x0000000701000000, 0x0000000701155400| Untracked 
|   9|0x0000000701200000, 0x0000000701400000, 0x0000000701400000|100%| O|  |TAMS 0x0000000701200000, 0x0000000701400000| Untracked 
|  10|0x0000000701400000, 0x0000000701600000, 0x0000000701600000|100%| O|  |TAMS 0x0000000701400000, 0x0000000701600000| Untracked 
|  11|0x0000000701600000, 0x0000000701800000, 0x0000000701800000|100%| O|  |TAMS 0x0000000701600000, 0x0000000701800000| Untracked 
|  12|0x0000000701800000, 0x0000000701a00000, 0x0000000701a00000|100%| O|  |TAMS 0x0000000701800000, 0x0000000701a00000| Untracked 
|  13|0x0000000701a00000, 0x0000000701c00000, 0x0000000701c00000|100%| O|  |TAMS 0x0000000701a00000, 0x0000000701c00000| Untracked 
|  14|0x0000000701c00000, 0x0000000701e00000, 0x0000000701e00000|100%| O|  |TAMS 0x0000000701c00000, 0x0000000701e00000| Untracked 
|  15|0x0000000701e00000, 0x0000000702000000, 0x0000000702000000|100%| O|  |TAMS 0x0000000701e00000, 0x0000000702000000| Untracked 
|  16|0x0000000702000000, 0x0000000702200000, 0x0000000702200000|100%| O|  |TAMS 0x0000000702000000, 0x0000000702200000| Untracked 
|  17|0x0000000702200000, 0x0000000702400000, 0x0000000702400000|100%| O|  |TAMS 0x0000000702200000, 0x0000000702400000| Untracked 
|  18|0x0000000702400000, 0x0000000702600000, 0x0000000702600000|100%| O|  |TAMS 0x0000000702400000, 0x0000000702600000| Untracked 
|  19|0x0000000702600000, 0x0000000702800000, 0x0000000702800000|100%| O|  |TAMS 0x0000000702600000, 0x0000000702800000| Untracked 
|  20|0x0000000702800000, 0x0000000702a00000, 0x0000000702a00000|100%| O|  |TAMS 0x0000000702800000, 0x0000000702a00000| Untracked 
|  21|0x0000000702a00000, 0x0000000702c00000, 0x0000000702c00000|100%| O|  |TAMS 0x0000000702a00000, 0x0000000702c00000| Untracked 
|  22|0x0000000702c00000, 0x0000000702e00000, 0x0000000702e00000|100%| O|  |TAMS 0x0000000702c00000, 0x0000000702e00000| Untracked 
|  23|0x0000000702e00000, 0x0000000703000000, 0x0000000703000000|100%| O|  |TAMS 0x0000000702e00000, 0x0000000703000000| Untracked 
|  24|0x0000000703000000, 0x0000000703200000, 0x0000000703200000|100%| O|  |TAMS 0x0000000703000000, 0x0000000703200000| Untracked 
|  25|0x0000000703200000, 0x0000000703400000, 0x0000000703400000|100%| O|  |TAMS 0x0000000703200000, 0x0000000703400000| Untracked 
|  26|0x0000000703400000, 0x0000000703600000, 0x0000000703600000|100%| O|  |TAMS 0x0000000703400000, 0x0000000703600000| Untracked 
|  27|0x0000000703600000, 0x0000000703800000, 0x0000000703800000|100%| O|  |TAMS 0x0000000703600000, 0x0000000703800000| Untracked 
|  28|0x0000000703800000, 0x0000000703a00000, 0x0000000703a00000|100%| O|  |TAMS 0x0000000703800000, 0x0000000703a00000| Untracked 
|  29|0x0000000703a00000, 0x0000000703c00000, 0x0000000703c00000|100%| O|  |TAMS 0x0000000703a00000, 0x0000000703c00000| Untracked 
|  30|0x0000000703c00000, 0x0000000703e00000, 0x0000000703e00000|100%| O|  |TAMS 0x0000000703c00000, 0x0000000703e00000| Untracked 
|  31|0x0000000703e00000, 0x0000000704000000, 0x0000000704000000|100%| O|  |TAMS 0x0000000703e00000, 0x0000000704000000| Untracked 
|  32|0x0000000704000000, 0x0000000704200000, 0x0000000704200000|100%| O|  |TAMS 0x0000000704000000, 0x0000000704200000| Untracked 
|  33|0x0000000704200000, 0x0000000704400000, 0x0000000704400000|100%| O|  |TAMS 0x0000000704200000, 0x0000000704400000| Untracked 
|  34|0x0000000704400000, 0x0000000704600000, 0x0000000704600000|100%| O|  |TAMS 0x0000000704400000, 0x0000000704600000| Untracked 
|  35|0x0000000704600000, 0x0000000704800000, 0x0000000704800000|100%| O|  |TAMS 0x0000000704600000, 0x0000000704800000| Untracked 
|  36|0x0000000704800000, 0x0000000704a00000, 0x0000000704a00000|100%| O|  |TAMS 0x0000000704800000, 0x0000000704a00000| Untracked 
|  37|0x0000000704a00000, 0x0000000704c00000, 0x0000000704c00000|100%| O|  |TAMS 0x0000000704a00000, 0x0000000704c00000| Untracked 
|  38|0x0000000704c00000, 0x0000000704e00000, 0x0000000704e00000|100%| O|  |TAMS 0x0000000704c00000, 0x0000000704e00000| Untracked 
|  39|0x0000000704e00000, 0x0000000705000000, 0x0000000705000000|100%| O|  |TAMS 0x0000000704e00000, 0x0000000705000000| Untracked 
|  40|0x0000000705000000, 0x0000000705200000, 0x0000000705200000|100%| O|  |TAMS 0x0000000705000000, 0x0000000705200000| Untracked 
|  41|0x0000000705200000, 0x0000000705400000, 0x0000000705400000|100%| O|  |TAMS 0x0000000705200000, 0x0000000705400000| Untracked 
|  42|0x0000000705400000, 0x0000000705600000, 0x0000000705600000|100%| O|  |TAMS 0x0000000705400000, 0x0000000705600000| Untracked 
|  43|0x0000000705600000, 0x0000000705800000, 0x0000000705800000|100%| O|  |TAMS 0x0000000705600000, 0x0000000705733c00| Untracked 
|  44|0x0000000705800000, 0x0000000705a00000, 0x0000000705a00000|100%| O|  |TAMS 0x0000000705800000, 0x0000000705a00000| Untracked 
|  45|0x0000000705a00000, 0x0000000705c00000, 0x0000000705c00000|100%| O|  |TAMS 0x0000000705a00000, 0x0000000705c00000| Untracked 
|  46|0x0000000705c00000, 0x0000000705e00000, 0x0000000705e00000|100%| O|  |TAMS 0x0000000705c00000, 0x0000000705c00000| Untracked 
|  47|0x0000000705e00000, 0x0000000706000000, 0x0000000706000000|100%| O|  |TAMS 0x0000000705e00000, 0x0000000705e00000| Untracked 
|  48|0x0000000706000000, 0x0000000706200000, 0x0000000706200000|100%| O|  |TAMS 0x0000000706000000, 0x0000000706000000| Untracked 
|  49|0x0000000706200000, 0x0000000706400000, 0x0000000706400000|100%| O|  |TAMS 0x0000000706200000, 0x0000000706200000| Untracked 
|  50|0x0000000706400000, 0x0000000706600000, 0x0000000706600000|100%| O|  |TAMS 0x0000000706400000, 0x0000000706400000| Untracked 
|  51|0x0000000706600000, 0x0000000706800000, 0x0000000706800000|100%| O|  |TAMS 0x0000000706600000, 0x0000000706600000| Untracked 
|  52|0x0000000706800000, 0x0000000706a00000, 0x0000000706a00000|100%| O|  |TAMS 0x0000000706800000, 0x0000000706800000| Untracked 
|  53|0x0000000706a00000, 0x0000000706c00000, 0x0000000706c00000|100%| O|  |TAMS 0x0000000706a00000, 0x0000000706a00000| Untracked 
|  54|0x0000000706c00000, 0x0000000706de0a00, 0x0000000706e00000| 93%| O|  |TAMS 0x0000000706c00000, 0x0000000706c00000| Untracked 
|  55|0x0000000706e00000, 0x0000000706e00000, 0x0000000707000000|  0%| F|  |TAMS 0x0000000706e00000, 0x0000000706e00000| Untracked 
|  56|0x0000000707000000, 0x0000000707000000, 0x0000000707200000|  0%| F|  |TAMS 0x0000000707000000, 0x0000000707000000| Untracked 
|  57|0x0000000707200000, 0x0000000707200000, 0x0000000707400000|  0%| F|  |TAMS 0x0000000707200000, 0x0000000707200000| Untracked 
|  58|0x0000000707400000, 0x0000000707400000, 0x0000000707600000|  0%| F|  |TAMS 0x0000000707400000, 0x0000000707400000| Untracked 
|  59|0x0000000707600000, 0x0000000707600000, 0x0000000707800000|  0%| F|  |TAMS 0x0000000707600000, 0x0000000707600000| Untracked 
|  60|0x0000000707800000, 0x0000000707800000, 0x0000000707a00000|  0%| F|  |TAMS 0x0000000707800000, 0x0000000707800000| Untracked 
|  61|0x0000000707a00000, 0x0000000707a00000, 0x0000000707c00000|  0%| F|  |TAMS 0x0000000707a00000, 0x0000000707a00000| Untracked 
|  62|0x0000000707c00000, 0x0000000707c00000, 0x0000000707e00000|  0%| F|  |TAMS 0x0000000707c00000, 0x0000000707c00000| Untracked 
|  63|0x0000000707e00000, 0x0000000707e00000, 0x0000000708000000|  0%| F|  |TAMS 0x0000000707e00000, 0x0000000707e00000| Untracked 
|  64|0x0000000708000000, 0x0000000708000000, 0x0000000708200000|  0%| F|  |TAMS 0x0000000708000000, 0x0000000708000000| Untracked 
|  65|0x0000000708200000, 0x0000000708200000, 0x0000000708400000|  0%| F|  |TAMS 0x0000000708200000, 0x0000000708200000| Untracked 
|  66|0x0000000708400000, 0x0000000708400000, 0x0000000708600000|  0%| F|  |TAMS 0x0000000708400000, 0x0000000708400000| Untracked 
|  67|0x0000000708600000, 0x0000000708600000, 0x0000000708800000|  0%| F|  |TAMS 0x0000000708600000, 0x0000000708600000| Untracked 
|  68|0x0000000708800000, 0x0000000708800000, 0x0000000708a00000|  0%| F|  |TAMS 0x0000000708800000, 0x0000000708800000| Untracked 
|  69|0x0000000708a00000, 0x0000000708a00000, 0x0000000708c00000|  0%| F|  |TAMS 0x0000000708a00000, 0x0000000708a00000| Untracked 
|  70|0x0000000708c00000, 0x0000000708c00000, 0x0000000708e00000|  0%| F|  |TAMS 0x0000000708c00000, 0x0000000708c00000| Untracked 
|  71|0x0000000708e00000, 0x0000000708e00000, 0x0000000709000000|  0%| F|  |TAMS 0x0000000708e00000, 0x0000000708e00000| Untracked 
|  72|0x0000000709000000, 0x0000000709000000, 0x0000000709200000|  0%| F|  |TAMS 0x0000000709000000, 0x0000000709000000| Untracked 
|  73|0x0000000709200000, 0x0000000709200000, 0x0000000709400000|  0%| F|  |TAMS 0x0000000709200000, 0x0000000709200000| Untracked 
|  74|0x0000000709400000, 0x0000000709400000, 0x0000000709600000|  0%| F|  |TAMS 0x0000000709400000, 0x0000000709400000| Untracked 
|  75|0x0000000709600000, 0x0000000709600000, 0x0000000709800000|  0%| F|  |TAMS 0x0000000709600000, 0x0000000709600000| Untracked 
|  76|0x0000000709800000, 0x0000000709800000, 0x0000000709a00000|  0%| F|  |TAMS 0x0000000709800000, 0x0000000709800000| Untracked 
|  77|0x0000000709a00000, 0x0000000709a00000, 0x0000000709c00000|  0%| F|  |TAMS 0x0000000709a00000, 0x0000000709a00000| Untracked 
|  78|0x0000000709c00000, 0x0000000709c00000, 0x0000000709e00000|  0%| F|  |TAMS 0x0000000709c00000, 0x0000000709c00000| Untracked 
|  79|0x0000000709e00000, 0x0000000709e00000, 0x000000070a000000|  0%| F|  |TAMS 0x0000000709e00000, 0x0000000709e00000| Untracked 
|  80|0x000000070a000000, 0x000000070a000000, 0x000000070a200000|  0%| F|  |TAMS 0x000000070a000000, 0x000000070a000000| Untracked 
|  81|0x000000070a200000, 0x000000070a200000, 0x000000070a400000|  0%| F|  |TAMS 0x000000070a200000, 0x000000070a200000| Untracked 
|  82|0x000000070a400000, 0x000000070a400000, 0x000000070a600000|  0%| F|  |TAMS 0x000000070a400000, 0x000000070a400000| Untracked 
|  83|0x000000070a600000, 0x000000070a600000, 0x000000070a800000|  0%| F|  |TAMS 0x000000070a600000, 0x000000070a600000| Untracked 
|  84|0x000000070a800000, 0x000000070a800000, 0x000000070aa00000|  0%| F|  |TAMS 0x000000070a800000, 0x000000070a800000| Untracked 
|  85|0x000000070aa00000, 0x000000070aa00000, 0x000000070ac00000|  0%| F|  |TAMS 0x000000070aa00000, 0x000000070aa00000| Untracked 
|  86|0x000000070ac00000, 0x000000070ac00000, 0x000000070ae00000|  0%| F|  |TAMS 0x000000070ac00000, 0x000000070ac00000| Untracked 
|  87|0x000000070ae00000, 0x000000070ae00000, 0x000000070b000000|  0%| F|  |TAMS 0x000000070ae00000, 0x000000070ae00000| Untracked 
|  88|0x000000070b000000, 0x000000070b000000, 0x000000070b200000|  0%| F|  |TAMS 0x000000070b000000, 0x000000070b000000| Untracked 
|  89|0x000000070b200000, 0x000000070b200000, 0x000000070b400000|  0%| F|  |TAMS 0x000000070b200000, 0x000000070b200000| Untracked 
|  90|0x000000070b400000, 0x000000070b400000, 0x000000070b600000|  0%| F|  |TAMS 0x000000070b400000, 0x000000070b400000| Untracked 
|  91|0x000000070b600000, 0x000000070b600000, 0x000000070b800000|  0%| F|  |TAMS 0x000000070b600000, 0x000000070b600000| Untracked 
|  92|0x000000070b800000, 0x000000070b800000, 0x000000070ba00000|  0%| F|  |TAMS 0x000000070b800000, 0x000000070b800000| Untracked 
|  93|0x000000070ba00000, 0x000000070ba00000, 0x000000070bc00000|  0%| F|  |TAMS 0x000000070ba00000, 0x000000070ba00000| Untracked 
|  94|0x000000070bc00000, 0x000000070bc00000, 0x000000070be00000|  0%| F|  |TAMS 0x000000070bc00000, 0x000000070bc00000| Untracked 
|  95|0x000000070be00000, 0x000000070be00000, 0x000000070c000000|  0%| F|  |TAMS 0x000000070be00000, 0x000000070be00000| Untracked 
|  96|0x000000070c000000, 0x000000070c000000, 0x000000070c200000|  0%| F|  |TAMS 0x000000070c000000, 0x000000070c000000| Untracked 
|  97|0x000000070c200000, 0x000000070c200000, 0x000000070c400000|  0%| F|  |TAMS 0x000000070c200000, 0x000000070c200000| Untracked 
|  98|0x000000070c400000, 0x000000070c400000, 0x000000070c600000|  0%| F|  |TAMS 0x000000070c400000, 0x000000070c400000| Untracked 
|  99|0x000000070c600000, 0x000000070c600000, 0x000000070c800000|  0%| F|  |TAMS 0x000000070c600000, 0x000000070c600000| Untracked 
| 100|0x000000070c800000, 0x000000070c800000, 0x000000070ca00000|  0%| F|  |TAMS 0x000000070c800000, 0x000000070c800000| Untracked 
| 101|0x000000070ca00000, 0x000000070ca00000, 0x000000070cc00000|  0%| F|  |TAMS 0x000000070ca00000, 0x000000070ca00000| Untracked 
| 102|0x000000070cc00000, 0x000000070cc00000, 0x000000070ce00000|  0%| F|  |TAMS 0x000000070cc00000, 0x000000070cc00000| Untracked 
| 103|0x000000070ce00000, 0x000000070ce00000, 0x000000070d000000|  0%| F|  |TAMS 0x000000070ce00000, 0x000000070ce00000| Untracked 
| 104|0x000000070d000000, 0x000000070d000000, 0x000000070d200000|  0%| F|  |TAMS 0x000000070d000000, 0x000000070d000000| Untracked 
| 105|0x000000070d200000, 0x000000070d200000, 0x000000070d400000|  0%| F|  |TAMS 0x000000070d200000, 0x000000070d200000| Untracked 
| 106|0x000000070d400000, 0x000000070d400000, 0x000000070d600000|  0%| F|  |TAMS 0x000000070d400000, 0x000000070d400000| Untracked 
| 107|0x000000070d600000, 0x000000070d600000, 0x000000070d800000|  0%| F|  |TAMS 0x000000070d600000, 0x000000070d600000| Untracked 
| 108|0x000000070d800000, 0x000000070d800000, 0x000000070da00000|  0%| F|  |TAMS 0x000000070d800000, 0x000000070d800000| Untracked 
| 109|0x000000070da00000, 0x000000070da00000, 0x000000070dc00000|  0%| F|  |TAMS 0x000000070da00000, 0x000000070da00000| Untracked 
| 110|0x000000070dc00000, 0x000000070dc00000, 0x000000070de00000|  0%| F|  |TAMS 0x000000070dc00000, 0x000000070dc00000| Untracked 
| 111|0x000000070de00000, 0x000000070df31dd8, 0x000000070e000000| 59%| S|CS|TAMS 0x000000070de00000, 0x000000070de00000| Complete 
| 112|0x000000070e000000, 0x000000070e200000, 0x000000070e200000|100%| S|CS|TAMS 0x000000070e000000, 0x000000070e000000| Complete 
| 113|0x000000070e200000, 0x000000070e200000, 0x000000070e400000|  0%| F|  |TAMS 0x000000070e200000, 0x000000070e200000| Untracked 
| 114|0x000000070e400000, 0x000000070e400000, 0x000000070e600000|  0%| F|  |TAMS 0x000000070e400000, 0x000000070e400000| Untracked 
| 115|0x000000070e600000, 0x000000070e600000, 0x000000070e800000|  0%| F|  |TAMS 0x000000070e600000, 0x000000070e600000| Untracked 
| 116|0x000000070e800000, 0x000000070e800000, 0x000000070ea00000|  0%| F|  |TAMS 0x000000070e800000, 0x000000070e800000| Untracked 
| 117|0x000000070ea00000, 0x000000070ea00000, 0x000000070ec00000|  0%| F|  |TAMS 0x000000070ea00000, 0x000000070ea00000| Untracked 
| 118|0x000000070ec00000, 0x000000070ec00000, 0x000000070ee00000|  0%| F|  |TAMS 0x000000070ec00000, 0x000000070ec00000| Untracked 
| 119|0x000000070ee00000, 0x000000070ee00000, 0x000000070f000000|  0%| F|  |TAMS 0x000000070ee00000, 0x000000070ee00000| Untracked 
| 120|0x000000070f000000, 0x000000070f000000, 0x000000070f200000|  0%| F|  |TAMS 0x000000070f000000, 0x000000070f000000| Untracked 
| 121|0x000000070f200000, 0x000000070f200000, 0x000000070f400000|  0%| F|  |TAMS 0x000000070f200000, 0x000000070f200000| Untracked 
| 122|0x000000070f400000, 0x000000070f400000, 0x000000070f600000|  0%| F|  |TAMS 0x000000070f400000, 0x000000070f400000| Untracked 
| 123|0x000000070f600000, 0x000000070f600000, 0x000000070f800000|  0%| F|  |TAMS 0x000000070f600000, 0x000000070f600000| Untracked 
| 124|0x000000070f800000, 0x000000070f800000, 0x000000070fa00000|  0%| F|  |TAMS 0x000000070f800000, 0x000000070f800000| Untracked 
| 125|0x000000070fa00000, 0x000000070fa00000, 0x000000070fc00000|  0%| F|  |TAMS 0x000000070fa00000, 0x000000070fa00000| Untracked 
| 126|0x000000070fc00000, 0x000000070fc00000, 0x000000070fe00000|  0%| F|  |TAMS 0x000000070fc00000, 0x000000070fc00000| Untracked 
| 127|0x000000070fe00000, 0x000000070fe00000, 0x0000000710000000|  0%| F|  |TAMS 0x000000070fe00000, 0x000000070fe00000| Untracked 
| 128|0x0000000710000000, 0x0000000710000000, 0x0000000710200000|  0%| F|  |TAMS 0x0000000710000000, 0x0000000710000000| Untracked 
| 129|0x0000000710200000, 0x0000000710200000, 0x0000000710400000|  0%| F|  |TAMS 0x0000000710200000, 0x0000000710200000| Untracked 
| 130|0x0000000710400000, 0x0000000710400000, 0x0000000710600000|  0%| F|  |TAMS 0x0000000710400000, 0x0000000710400000| Untracked 
| 131|0x0000000710600000, 0x0000000710600000, 0x0000000710800000|  0%| F|  |TAMS 0x0000000710600000, 0x0000000710600000| Untracked 
| 132|0x0000000710800000, 0x0000000710800000, 0x0000000710a00000|  0%| F|  |TAMS 0x0000000710800000, 0x0000000710800000| Untracked 
| 133|0x0000000710a00000, 0x0000000710a00000, 0x0000000710c00000|  0%| F|  |TAMS 0x0000000710a00000, 0x0000000710a00000| Untracked 
| 134|0x0000000710c00000, 0x0000000710c00000, 0x0000000710e00000|  0%| F|  |TAMS 0x0000000710c00000, 0x0000000710c00000| Untracked 
| 135|0x0000000710e00000, 0x0000000710e00000, 0x0000000711000000|  0%| F|  |TAMS 0x0000000710e00000, 0x0000000710e00000| Untracked 
| 136|0x0000000711000000, 0x0000000711000000, 0x0000000711200000|  0%| F|  |TAMS 0x0000000711000000, 0x0000000711000000| Untracked 
| 137|0x0000000711200000, 0x0000000711200000, 0x0000000711400000|  0%| F|  |TAMS 0x0000000711200000, 0x0000000711200000| Untracked 
| 138|0x0000000711400000, 0x0000000711400000, 0x0000000711600000|  0%| F|  |TAMS 0x0000000711400000, 0x0000000711400000| Untracked 
| 139|0x0000000711600000, 0x0000000711600000, 0x0000000711800000|  0%| F|  |TAMS 0x0000000711600000, 0x0000000711600000| Untracked 
| 140|0x0000000711800000, 0x0000000711800000, 0x0000000711a00000|  0%| F|  |TAMS 0x0000000711800000, 0x0000000711800000| Untracked 
| 141|0x0000000711a00000, 0x0000000711a00000, 0x0000000711c00000|  0%| F|  |TAMS 0x0000000711a00000, 0x0000000711a00000| Untracked 
| 142|0x0000000711c00000, 0x0000000711c00000, 0x0000000711e00000|  0%| F|  |TAMS 0x0000000711c00000, 0x0000000711c00000| Untracked 
| 143|0x0000000711e00000, 0x0000000711e00000, 0x0000000712000000|  0%| F|  |TAMS 0x0000000711e00000, 0x0000000711e00000| Untracked 
| 144|0x0000000712000000, 0x0000000712000000, 0x0000000712200000|  0%| F|  |TAMS 0x0000000712000000, 0x0000000712000000| Untracked 
| 145|0x0000000712200000, 0x0000000712200000, 0x0000000712400000|  0%| F|  |TAMS 0x0000000712200000, 0x0000000712200000| Untracked 
| 146|0x0000000712400000, 0x0000000712400000, 0x0000000712600000|  0%| F|  |TAMS 0x0000000712400000, 0x0000000712400000| Untracked 
| 147|0x0000000712600000, 0x0000000712600000, 0x0000000712800000|  0%| F|  |TAMS 0x0000000712600000, 0x0000000712600000| Untracked 
| 148|0x0000000712800000, 0x0000000712800000, 0x0000000712a00000|  0%| F|  |TAMS 0x0000000712800000, 0x0000000712800000| Untracked 
| 149|0x0000000712a00000, 0x0000000712a00000, 0x0000000712c00000|  0%| F|  |TAMS 0x0000000712a00000, 0x0000000712a00000| Untracked 
| 150|0x0000000712c00000, 0x0000000712c00000, 0x0000000712e00000|  0%| F|  |TAMS 0x0000000712c00000, 0x0000000712c00000| Untracked 
| 151|0x0000000712e00000, 0x0000000712e00000, 0x0000000713000000|  0%| F|  |TAMS 0x0000000712e00000, 0x0000000712e00000| Untracked 
| 152|0x0000000713000000, 0x0000000713000000, 0x0000000713200000|  0%| F|  |TAMS 0x0000000713000000, 0x0000000713000000| Untracked 
| 153|0x0000000713200000, 0x0000000713200000, 0x0000000713400000|  0%| F|  |TAMS 0x0000000713200000, 0x0000000713200000| Untracked 
| 154|0x0000000713400000, 0x0000000713400000, 0x0000000713600000|  0%| F|  |TAMS 0x0000000713400000, 0x0000000713400000| Untracked 
| 155|0x0000000713600000, 0x0000000713600000, 0x0000000713800000|  0%| F|  |TAMS 0x0000000713600000, 0x0000000713600000| Untracked 
| 156|0x0000000713800000, 0x0000000713800000, 0x0000000713a00000|  0%| F|  |TAMS 0x0000000713800000, 0x0000000713800000| Untracked 
| 157|0x0000000713a00000, 0x0000000713a00000, 0x0000000713c00000|  0%| F|  |TAMS 0x0000000713a00000, 0x0000000713a00000| Untracked 
| 158|0x0000000713c00000, 0x0000000713c00000, 0x0000000713e00000|  0%| F|  |TAMS 0x0000000713c00000, 0x0000000713c00000| Untracked 
| 159|0x0000000713e00000, 0x0000000713e00000, 0x0000000714000000|  0%| F|  |TAMS 0x0000000713e00000, 0x0000000713e00000| Untracked 
| 160|0x0000000714000000, 0x0000000714000000, 0x0000000714200000|  0%| F|  |TAMS 0x0000000714000000, 0x0000000714000000| Untracked 
| 161|0x0000000714200000, 0x0000000714300000, 0x0000000714400000| 50%| E|  |TAMS 0x0000000714200000, 0x0000000714200000| Complete 
|1534|0x00000007bfc00000, 0x00000007bfd75000, 0x00000007bfe00000| 72%|OA|  |TAMS 0x00000007bfd75000, 0x00000007bfd75000| Untracked 
|1535|0x00000007bfe00000, 0x00000007bfe84000, 0x00000007c0000000| 25%|CA|  |TAMS 0x00000007bfe84000, 0x00000007bfe84000| Untracked 
|2046|0x00000007ffc00000, 0x00000007ffe00000, 0x00000007ffe00000|100%| O|  |TAMS 0x00000007ffc00000, 0x00000007ffe00000| Untracked 
|2047|0x00000007ffe00000, 0x0000000800000000, 0x0000000800000000|100%| O|  |TAMS 0x00000007ffe00000, 0x0000000800000000| Untracked 

Card table byte_map: [0x000000010771d000,0x0000000107f1d000] _byte_map_base: 0x0000000103f1d000

Marking Bits (Prev, Next): (CMBitMap*) 0x00007fc28e033e50, (CMBitMap*) 0x00007fc28e033e10
 Prev Bits: [0x000000012b889000, 0x000000012f889000)
 Next Bits: [0x0000000127889000, 0x000000012b889000)

Polling page: 0x0000000105e2a000

Metaspace:

Usage:
  Non-class:     31.11 MB used.
      Class:      3.65 MB used.
       Both:     34.76 MB used.

Virtual space:
  Non-class space:       40.00 MB reserved,      31.38 MB ( 78%) committed,  5 nodes.
      Class space:        1.00 GB reserved,       3.81 MB ( <1%) committed,  1 nodes.
              Both:        1.04 GB reserved,      35.19 MB (  3%) committed. 

Chunk freelists:
   Non-Class:  3.97 MB
       Class:  160.00 KB
        Both:  4.12 MB

MaxMetaspaceSize: 17179869184.00 GB
CompressedClassSpaceSize: 1.00 GB
 - commit_granule_bytes: 65536.
 - commit_granule_words: 8192.
 - virtual_space_node_default_size: 1048576.
 - enlarge_chunks_in_place: 1.
 - new_chunks_are_fully_committed: 0.
 - uncommit_free_chunks: 1.
 - use_allocation_guard: 0.
 - handle_deallocations: 1.


Internal statistics:

num_allocs_failed_limit: 6.
num_arena_births: 280.
num_arena_deaths: 0.
num_vsnodes_births: 6.
num_vsnodes_deaths: 0.
num_space_committed: 563.
num_space_uncommitted: 0.
num_chunks_returned_to_freelist: 6.
num_chunks_taken_from_freelist: 1667.
num_chunk_merges: 6.
num_chunk_splits: 1157.
num_chunks_enlarged: 863.
num_purges: 0.

CodeHeap 'non-profiled nmethods': size=120028Kb used=4262Kb max_used=4262Kb free=115765Kb
 bounds [0x0000000120352000, 0x0000000120782000, 0x0000000127889000]
CodeHeap 'profiled nmethods': size=120028Kb used=18718Kb max_used=18718Kb free=101309Kb
 bounds [0x0000000118e1b000, 0x000000011a06b000, 0x0000000120352000]
CodeHeap 'non-nmethods': size=5704Kb used=1235Kb max_used=1325Kb free=4468Kb
 bounds [0x0000000118889000, 0x0000000118af9000, 0x0000000118e1b000]
 total_blobs=9288 nmethods=8746 adapters=455
 compilation: enabled
              stopped_count=0, restarted_count=0
 full_count=0

Compilation events (20 events):
Event: 6.196 Thread 0x00007fc28e81d000 9747       3       org.apache.maven.shared.utils.io.SelectorUtils::matchAntPathPattern (435 bytes)
Event: 6.196 Thread 0x00007fc28e819a00 nmethod 9735 0x000000012076ee90 code [0x000000012076f040, 0x000000012076fab8]
Event: 6.196 Thread 0x00007fc28e819a00 9734       4       java.util.HashMap::put (13 bytes)
Event: 6.197 Thread 0x00007fc28e81d000 nmethod 9747 0x000000011a05db90 code [0x000000011a05dec0, 0x000000011a05f180]
Event: 6.197 Thread 0x00007fc28e81d000 9746       3       org.apache.maven.shared.utils.io.MatchPattern::matchPath (29 bytes)
Event: 6.197 Thread 0x00007fc28e81d000 nmethod 9746 0x000000011a05f910 code [0x000000011a05fae0, 0x000000011a05fce0]
Event: 6.197 Thread 0x00007fc28e81d000 9749       3       org.apache.maven.shared.utils.io.SelectorUtils::equals (37 bytes)
Event: 6.197 Thread 0x00007fc28e81d000 nmethod 9749 0x000000011a05fe10 code [0x000000011a05ffe0, 0x000000011a060290]
Event: 6.207 Thread 0x00007fc28e81d000 9751       3       java.util.Collections$UnmodifiableList::get (11 bytes)
Event: 6.207 Thread 0x00007fc28e81d000 nmethod 9751 0x000000011a060390 code [0x000000011a060540, 0x000000011a060720]
Event: 6.207 Thread 0x00007fc28e81d000 9752       3       org.eclipse.sisu.inject.Implementations::getAnnotation (94 bytes)
Event: 6.207 Thread 0x00007fc28e81d000 nmethod 9752 0x000000011a060810 code [0x000000011a060a60, 0x000000011a0614e0]
Event: 6.207 Thread 0x00007fc28e81d000 9753       3       org.eclipse.sisu.inject.DefaultRankingFunction::rank (54 bytes)
Event: 6.208 Thread 0x00007fc28e81d000 nmethod 9753 0x000000011a061810 code [0x000000011a061a40, 0x000000011a062360]
Event: 6.208 Thread 0x00007fc28e81d000 9754       3       org.eclipse.sisu.inject.RankedBindings::add (10 bytes)
Event: 6.208 Thread 0x00007fc290a4b000 nmethod 9576 0x000000012076fe10 code [0x00000001207702a0, 0x0000000120776f10]
Event: 6.208 Thread 0x00007fc28e81d000 nmethod 9754 0x000000011a062590 code [0x000000011a062740, 0x000000011a062880]
Event: 6.209 Thread 0x00007fc290a4b000 9755       4       java.util.TimSort::binarySort (223 bytes)
Event: 6.209 Thread 0x00007fc28e819a00 nmethod 9734 0x0000000120779b90 code [0x0000000120779d60, 0x000000012077a5b8]
Event: 6.209 Thread 0x00007fc28e819a00 9750       4       com.google.inject.TypeLiteral::<init> (43 bytes)

GC Heap History (20 events):
Event: 3.548 GC heap before
{Heap before GC invocations=10 (full 0):
 garbage-first heap   total 176128K, used 126550K [0x0000000700000000, 0x0000000800000000)
  region size 2048K, 38 young (77824K), 3 survivors (6144K)
 Metaspace       used 27311K, committed 27648K, reserved 1081344K
  class space    used 2938K, committed 3072K, reserved 1048576K
}
Event: 3.552 GC heap after
{Heap after GC invocations=11 (full 0):
 garbage-first heap   total 176128K, used 56405K [0x0000000700000000, 0x0000000800000000)
  region size 2048K, 2 young (4096K), 2 survivors (4096K)
 Metaspace       used 27311K, committed 27648K, reserved 1081344K
  class space    used 2938K, committed 3072K, reserved 1048576K
}
Event: 3.852 GC heap before
{Heap before GC invocations=11 (full 0):
 garbage-first heap   total 176128K, used 130133K [0x0000000700000000, 0x0000000800000000)
  region size 2048K, 38 young (77824K), 2 survivors (4096K)
 Metaspace       used 28467K, committed 28800K, reserved 1081344K
  class space    used 3040K, committed 3200K, reserved 1048576K
}
Event: 3.857 GC heap after
{Heap after GC invocations=12 (full 0):
 garbage-first heap   total 233472K, used 57949K [0x0000000700000000, 0x0000000800000000)
  region size 2048K, 3 young (6144K), 3 survivors (6144K)
 Metaspace       used 28467K, committed 28800K, reserved 1081344K
  class space    used 3040K, committed 3200K, reserved 1048576K
}
Event: 4.270 GC heap before
{Heap before GC invocations=12 (full 0):
 garbage-first heap   total 233472K, used 129629K [0x0000000700000000, 0x0000000800000000)
  region size 2048K, 19 young (38912K), 3 survivors (6144K)
 Metaspace       used 29853K, committed 30144K, reserved 1081344K
  class space    used 3146K, committed 3264K, reserved 1048576K
}
Event: 4.278 GC heap after
{Heap after GC invocations=13 (full 0):
 garbage-first heap   total 233472K, used 91857K [0x0000000700000000, 0x0000000800000000)
  region size 2048K, 3 young (6144K), 3 survivors (6144K)
 Metaspace       used 29853K, committed 30144K, reserved 1081344K
  class space    used 3146K, committed 3264K, reserved 1048576K
}
Event: 4.447 GC heap before
{Heap before GC invocations=13 (full 0):
 garbage-first heap   total 233472K, used 190161K [0x0000000700000000, 0x0000000800000000)
  region size 2048K, 48 young (98304K), 3 survivors (6144K)
 Metaspace       used 29971K, committed 30336K, reserved 1081344K
  class space    used 3148K, committed 3328K, reserved 1048576K
}
Event: 4.454 GC heap after
{Heap after GC invocations=14 (full 0):
 garbage-first heap   total 233472K, used 70414K [0x0000000700000000, 0x0000000800000000)
  region size 2048K, 6 young (12288K), 6 survivors (12288K)
 Metaspace       used 29971K, committed 30336K, reserved 1081344K
  class space    used 3148K, committed 3328K, reserved 1048576K
}
Event: 4.697 GC heap before
{Heap before GC invocations=14 (full 0):
 garbage-first heap   total 233472K, used 172814K [0x0000000700000000, 0x0000000800000000)
  region size 2048K, 57 young (116736K), 6 survivors (12288K)
 Metaspace       used 30797K, committed 31168K, reserved 1081344K
  class space    used 3242K, committed 3392K, reserved 1048576K
}
Event: 4.704 GC heap after
{Heap after GC invocations=15 (full 0):
 garbage-first heap   total 233472K, used 83350K [0x0000000700000000, 0x0000000800000000)
  region size 2048K, 8 young (16384K), 8 survivors (16384K)
 Metaspace       used 30797K, committed 31168K, reserved 1081344K
  class space    used 3242K, committed 3392K, reserved 1048576K
}
Event: 4.899 GC heap before
{Heap before GC invocations=15 (full 0):
 garbage-first heap   total 233472K, used 171414K [0x0000000700000000, 0x0000000800000000)
  region size 2048K, 52 young (106496K), 8 survivors (16384K)
 Metaspace       used 31762K, committed 32128K, reserved 1081344K
  class space    used 3336K, committed 3520K, reserved 1048576K
}
Event: 4.905 GC heap after
{Heap after GC invocations=16 (full 0):
 garbage-first heap   total 282624K, used 86935K [0x0000000700000000, 0x0000000800000000)
  region size 2048K, 2 young (4096K), 2 survivors (4096K)
 Metaspace       used 31762K, committed 32128K, reserved 1081344K
  class space    used 3336K, committed 3520K, reserved 1048576K
}
Event: 5.155 GC heap before
{Heap before GC invocations=16 (full 0):
 garbage-first heap   total 282624K, used 215959K [0x0000000700000000, 0x0000000800000000)
  region size 2048K, 65 young (133120K), 2 survivors (4096K)
 Metaspace       used 31899K, committed 32256K, reserved 1081344K
  class space    used 3337K, committed 3520K, reserved 1048576K
}
Event: 5.159 GC heap after
{Heap after GC invocations=17 (full 0):
 garbage-first heap   total 282624K, used 88325K [0x0000000700000000, 0x0000000800000000)
  region size 2048K, 2 young (4096K), 2 survivors (4096K)
 Metaspace       used 31899K, committed 32256K, reserved 1081344K
  class space    used 3337K, committed 3520K, reserved 1048576K
}
Event: 5.656 GC heap before
{Heap before GC invocations=17 (full 0):
 garbage-first heap   total 282624K, used 221445K [0x0000000700000000, 0x0000000800000000)
  region size 2048K, 68 young (139264K), 2 survivors (4096K)
 Metaspace       used 32315K, committed 32704K, reserved 1081344K
  class space    used 3347K, committed 3520K, reserved 1048576K
}
Event: 5.662 GC heap after
{Heap after GC invocations=18 (full 0):
 garbage-first heap   total 282624K, used 98138K [0x0000000700000000, 0x0000000800000000)
  region size 2048K, 7 young (14336K), 7 survivors (14336K)
 Metaspace       used 32315K, committed 32704K, reserved 1081344K
  class space    used 3347K, committed 3520K, reserved 1048576K
}
Event: 5.904 GC heap before
{Heap before GC invocations=18 (full 0):
 garbage-first heap   total 282624K, used 216922K [0x0000000700000000, 0x0000000800000000)
  region size 2048K, 66 young (135168K), 7 survivors (14336K)
 Metaspace       used 33461K, committed 33856K, reserved 1081344K
  class space    used 3478K, committed 3648K, reserved 1048576K
}
Event: 5.911 GC heap after
{Heap after GC invocations=19 (full 0):
 garbage-first heap   total 282624K, used 117256K [0x0000000700000000, 0x0000000800000000)
  region size 2048K, 9 young (18432K), 9 survivors (18432K)
 Metaspace       used 33461K, committed 33856K, reserved 1081344K
  class space    used 3478K, committed 3648K, reserved 1048576K
}
Event: 6.197 GC heap before
{Heap before GC invocations=19 (full 0):
 garbage-first heap   total 282624K, used 158216K [0x0000000700000000, 0x0000000800000000)
  region size 2048K, 30 young (61440K), 9 survivors (18432K)
 Metaspace       used 35431K, committed 35776K, reserved 1081344K
  class space    used 3725K, committed 3904K, reserved 1048576K
}
Event: 6.202 GC heap after
{Heap after GC invocations=20 (full 0):
 garbage-first heap   total 339968K, used 121218K [0x0000000700000000, 0x0000000800000000)
  region size 2048K, 2 young (4096K), 2 survivors (4096K)
 Metaspace       used 35431K, committed 35776K, reserved 1081344K
  class space    used 3725K, committed 3904K, reserved 1048576K
}

Deoptimization events (20 events):
Event: 6.206 Thread 0x00007fc28f808a00 Uncommon trap: trap_request=0xffffffde fr.pc=0x0000000120500310 relative=0x00000000000006b0
Event: 6.206 Thread 0x00007fc28f808a00 Uncommon trap: reason=class_check action=maybe_recompile pc=0x0000000120500310 method=java.util.Properties$LineReader.readLine()I @ 479 c2
Event: 6.206 Thread 0x00007fc28f808a00 DEOPT PACKING pc=0x0000000120500310 sp=0x0000700003ca35e0
Event: 6.206 Thread 0x00007fc28f808a00 DEOPT UNPACKING pc=0x00000001188d6424 sp=0x0000700003ca3548 mode 2
Event: 6.207 Thread 0x00007fc28f808a00 Uncommon trap: trap_request=0xffffffd6 fr.pc=0x000000012076f760 relative=0x0000000000000720
Event: 6.207 Thread 0x00007fc28f808a00 Uncommon trap: reason=array_check action=maybe_recompile pc=0x000000012076f760 method=java.util.TimSort.binarySort([Ljava/lang/Object;IIILjava/util/Comparator;)V @ 215 c2
Event: 6.207 Thread 0x00007fc28f808a00 DEOPT PACKING pc=0x000000012076f760 sp=0x0000700003ca18f0
Event: 6.207 Thread 0x00007fc28f808a00 DEOPT UNPACKING pc=0x00000001188d6424 sp=0x0000700003ca1898 mode 2
Event: 6.207 Thread 0x00007fc28f808a00 Uncommon trap: trap_request=0xffffffd6 fr.pc=0x000000012076f760 relative=0x0000000000000720
Event: 6.207 Thread 0x00007fc28f808a00 Uncommon trap: reason=array_check action=maybe_recompile pc=0x000000012076f760 method=java.util.TimSort.binarySort([Ljava/lang/Object;IIILjava/util/Comparator;)V @ 215 c2
Event: 6.207 Thread 0x00007fc28f808a00 DEOPT PACKING pc=0x000000012076f760 sp=0x0000700003ca18f0
Event: 6.207 Thread 0x00007fc28f808a00 DEOPT UNPACKING pc=0x00000001188d6424 sp=0x0000700003ca1898 mode 2
Event: 6.207 Thread 0x00007fc28f808a00 Uncommon trap: trap_request=0xffffffd6 fr.pc=0x000000012076f984 relative=0x0000000000000944
Event: 6.207 Thread 0x00007fc28f808a00 Uncommon trap: reason=array_check action=maybe_recompile pc=0x000000012076f984 method=java.util.TimSort.binarySort([Ljava/lang/Object;IIILjava/util/Comparator;)V @ 183 c2
Event: 6.207 Thread 0x00007fc28f808a00 DEOPT PACKING pc=0x000000012076f984 sp=0x0000700003ca18f0
Event: 6.207 Thread 0x00007fc28f808a00 DEOPT UNPACKING pc=0x00000001188d6424 sp=0x0000700003ca1898 mode 2
Event: 6.207 Thread 0x00007fc28f808a00 Uncommon trap: trap_request=0xffffffd6 fr.pc=0x000000012076f984 relative=0x0000000000000944
Event: 6.207 Thread 0x00007fc28f808a00 Uncommon trap: reason=array_check action=maybe_recompile pc=0x000000012076f984 method=java.util.TimSort.binarySort([Ljava/lang/Object;IIILjava/util/Comparator;)V @ 183 c2
Event: 6.207 Thread 0x00007fc28f808a00 DEOPT PACKING pc=0x000000012076f984 sp=0x0000700003ca18f0
Event: 6.207 Thread 0x00007fc28f808a00 DEOPT UNPACKING pc=0x00000001188d6424 sp=0x0000700003ca1898 mode 2

Classes unloaded (0 events):
No events

Classes redefined (0 events):
No events

Internal exceptions (20 events):
Event: 3.710 Thread 0x00007fc28f808a00 Implicit null exception at 0x00000001204341e0 to 0x00000001204342a0
Event: 3.710 Thread 0x00007fc28f808a00 Implicit null exception at 0x00000001203b7560 to 0x00000001203b75f6
Event: 3.787 Thread 0x00007fc28f808a00 Exception <a 'java/lang/NoSuchMethodError'{0x0000000705e5c3c8}: 'int java.lang.invoke.DirectMethodHandle$Holder.invokeStatic(java.lang.Object, java.lang.Object, java.lang.Object, java.lang.Object)'> (0x0000000705e5c3c8) 
thrown [src/hotspot/share/interpreter/linkResolver.cpp, line 790]
Event: 3.791 Thread 0x00007fc28f808a00 Exception <a 'java/lang/NoSuchMethodError'{0x0000000705e89348}: 'void java.lang.invoke.DirectMethodHandle$Holder.invokeVirtual(java.lang.Object, java.lang.Object)'> (0x0000000705e89348) 
thrown [src/hotspot/share/interpreter/linkResolver.cpp, line 790]
Event: 3.861 Thread 0x00007fc28f808a00 Exception <a 'sun/nio/fs/UnixException'{0x000000070fe41d78}> (0x000000070fe41d78) 
thrown [src/hotspot/share/prims/jni.cpp, line 579]
Event: 3.861 Thread 0x00007fc28f808a00 Exception <a 'sun/nio/fs/UnixException'{0x000000070fe42488}> (0x000000070fe42488) 
thrown [src/hotspot/share/prims/jni.cpp, line 579]
Event: 3.861 Thread 0x00007fc28f808a00 Exception <a 'sun/nio/fs/UnixException'{0x000000070fe42b88}> (0x000000070fe42b88) 
thrown [src/hotspot/share/prims/jni.cpp, line 579]
Event: 3.861 Thread 0x00007fc28f808a00 Exception <a 'sun/nio/fs/UnixException'{0x000000070fe43270}> (0x000000070fe43270) 
thrown [src/hotspot/share/prims/jni.cpp, line 579]
Event: 3.999 Thread 0x00007fc28f808a00 Exception <a 'java/lang/NoSuchMethodError'{0x000000070d3461d8}: 'int java.lang.invoke.DirectMethodHandle$Holder.invokeVirtual(java.lang.Object, java.lang.Object, java.lang.Object, java.lang.Object)'> (0x000000070d3461d8) 
thrown [src/hotspot/share/interpreter/linkResolver.cpp, line 790]
Event: 4.000 Thread 0x00007fc28f808a00 Exception <a 'java/lang/NoSuchMethodError'{0x000000070d3519d0}: 'java.lang.Object java.lang.invoke.DirectMethodHandle$Holder.newInvokeSpecial(java.lang.Object, java.lang.Object, int, java.lang.Object)'> (0x000000070d3519d0) 
thrown [src/hotspot/share/interpreter/linkResolver.cpp, line 790]
Event: 4.001 Thread 0x00007fc28f808a00 Exception <a 'java/lang/NoSuchMethodError'{0x000000070d356170}: 'java.lang.Object java.lang.invoke.DirectMethodHandle$Holder.invokeSpecial(java.lang.Object, java.lang.Object, java.lang.Object, int, java.lang.Object)'> (0x000000070d356170) 
thrown [src/hotspot/share/interpreter/linkResolver.cpp, line 790]
Event: 4.366 Thread 0x00007fc28f808a00 Implicit null exception at 0x000000012047d075 to 0x000000012047d594
Event: 5.933 Thread 0x00007fc28f808a00 Exception <a 'sun/nio/fs/UnixException'{0x00000007106559f0}> (0x00000007106559f0) 
thrown [src/hotspot/share/prims/jni.cpp, line 579]
Event: 5.933 Thread 0x00007fc28f808a00 Exception <a 'sun/nio/fs/UnixException'{0x00000007106560f8}> (0x00000007106560f8) 
thrown [src/hotspot/share/prims/jni.cpp, line 579]
Event: 5.933 Thread 0x00007fc28f808a00 Exception <a 'sun/nio/fs/UnixException'{0x00000007106567e8}> (0x00000007106567e8) 
thrown [src/hotspot/share/prims/jni.cpp, line 579]
Event: 5.940 Thread 0x00007fc28f808a00 Implicit null exception at 0x0000000120524c00 to 0x0000000120526bc8
Event: 6.039 Thread 0x00007fc28f808a00 Exception <a 'java/lang/NoSuchMethodError'{0x000000070f9e6258}: 'java.lang.String org.apache.maven.execution.MavenExecutionRequest.getFailureBehavior()'> (0x000000070f9e6258) 
thrown [src/hotspot/share/interpreter/linkResolver.cpp, line 886]
Event: 6.041 Thread 0x00007fc29918ca00 Exception <a 'java/lang/NoSuchMethodError'{0x000000070f86b760}: 'java.lang.Object java.lang.invoke.DirectMethodHandle$Holder.invokeStaticInit(java.lang.Object, java.lang.Object, long, java.lang.Object)'> (0x000000070f86b760) 
thrown [src/hotspot/share/interpreter/linkResolver.cpp, line 790]
Event: 6.042 Thread 0x00007fc29918ca00 Exception <a 'java/lang/NoSuchMethodError'{0x000000070f8721f0}: 'java.lang.Object java.lang.invoke.DirectMethodHandle$Holder.newInvokeSpecial(java.lang.Object, java.lang.Object, long)'> (0x000000070f8721f0) 
thrown [src/hotspot/share/interpreter/linkResolver.cpp, line 790]
Event: 6.042 Thread 0x00007fc29918ca00 Exception <a 'java/lang/NoSuchMethodError'{0x000000070f875f60}: 'java.lang.Object java.lang.invoke.Invokers$Holder.linkToTargetMethod(java.lang.Object, long, java.lang.Object)'> (0x000000070f875f60) 
thrown [src/hotspot/share/interpreter/linkResolver.cpp, line 790]

Events (20 events):
Event: 6.043 loading class java/util/concurrent/SynchronousQueue$Transferer done
Event: 6.043 loading class java/util/concurrent/SynchronousQueue$TransferStack done
Event: 6.043 loading class java/util/concurrent/SynchronousQueue$TransferStack$SNode
Event: 6.043 loading class java/util/concurrent/SynchronousQueue$TransferStack$SNode done
Event: 6.043 Protecting memory [0x0000700005c08000,0x0000700005c0c000] with protection modes 3
Event: 6.043 Thread 0x00007fc29918ca00 Thread exited: 0x00007fc29918ca00
Event: 6.066 Executing  VM operation: ICBufferFull
Event: 6.066 Executing  VM operation: ICBufferFull done
Event: 6.128 loading class java/util/zip/GZIPInputStream
Event: 6.128 loading class java/util/zip/GZIPInputStream done
Event: 6.143 Executing  VM operation: HandshakeAllThreads
Event: 6.143 Executing  VM operation: HandshakeAllThreads done
Event: 6.159 Executing  VM operation: HandshakeAllThreads
Event: 6.159 Executing  VM operation: HandshakeAllThreads done
Event: 6.166 loading class java/util/zip/GZIPOutputStream
Event: 6.166 loading class java/util/zip/GZIPOutputStream done
Event: 6.168 Executing  VM operation: HandshakeAllThreads
Event: 6.168 Executing  VM operation: HandshakeAllThreads done
Event: 6.197 Executing  VM operation: CollectForMetadataAllocation
Event: 6.202 Executing  VM operation: CollectForMetadataAllocation done


Dynamic libraries:
0x00007fff2a458000 	/usr/lib/libz.1.dylib
0x0000000105e2c000 	/usr/local/Cellar/openjdk/16.0.1/libexec/openjdk.jdk/Contents/Home/lib/libjli.dylib
0x00007fff34e8c000 	/System/Library/Frameworks/Cocoa.framework/Versions/A/Cocoa
0x00007fff221d6000 	/System/Library/Frameworks/Security.framework/Versions/A/Security
0x00007fff33094000 	/System/Library/Frameworks/ApplicationServices.framework/Versions/A/ApplicationServices
0x00007fff2a520000 	/usr/lib/libSystem.B.dylib
0x00007fff2a51a000 	/usr/lib/system/libcache.dylib
0x00007fff2a4d6000 	/usr/lib/system/libcommonCrypto.dylib
0x00007fff2a500000 	/usr/lib/system/libcompiler_rt.dylib
0x00007fff2a4f5000 	/usr/lib/system/libcopyfile.dylib
0x00007fff200cf000 	/usr/lib/system/libcorecrypto.dylib
0x00007fff2019a000 	/usr/lib/system/libdispatch.dylib
0x00007fff2034d000 	/usr/lib/system/libdyld.dylib
0x00007fff2a511000 	/usr/lib/system/libkeymgr.dylib
0x00007fff2d924000 	/usr/lib/system/liblaunch.dylib
0x00007fff2a4b4000 	/usr/lib/system/libmacho.dylib
0x00007fff29cac000 	/usr/lib/system/libquarantine.dylib
0x00007fff2a50e000 	/usr/lib/system/libremovefile.dylib
0x00007fff24bb2000 	/usr/lib/system/libsystem_asl.dylib
0x00007fff2007f000 	/usr/lib/system/libsystem_blocks.dylib
0x00007fff2021c000 	/usr/lib/system/libsystem_c.dylib
0x00007fff2a508000 	/usr/lib/system/libsystem_collections.dylib
0x00007fff28fb2000 	/usr/lib/system/libsystem_configuration.dylib
0x00007fff2829e000 	/usr/lib/system/libsystem_containermanager.dylib
0x00007fff2a257000 	/usr/lib/system/libsystem_coreservices.dylib
0x00007fff2278e000 	/usr/lib/system/libsystem_darwin.dylib
0x00007fff2a512000 	/usr/lib/system/libsystem_dnssd.dylib
0x00007fff20219000 	/usr/lib/system/libsystem_featureflags.dylib
0x00007fff20393000 	/usr/lib/system/libsystem_info.dylib
0x00007fff2a46b000 	/usr/lib/system/libsystem_m.dylib
0x00007fff2016d000 	/usr/lib/system/libsystem_malloc.dylib
0x00007fff24b45000 	/usr/lib/system/libsystem_networkextension.dylib
0x00007fff22bad000 	/usr/lib/system/libsystem_notify.dylib
0x00007fff2fdbb000 	/usr/lib/system/libsystem_product_info_filter.dylib
0x00007fff28fb6000 	/usr/lib/system/libsystem_sandbox.dylib
0x00007fff2a50b000 	/usr/lib/system/libsystem_secinit.dylib
0x00007fff20311000 	/usr/lib/system/libsystem_kernel.dylib
0x00007fff20389000 	/usr/lib/system/libsystem_platform.dylib
0x00007fff20341000 	/usr/lib/system/libsystem_pthread.dylib
0x00007fff2628f000 	/usr/lib/system/libsystem_symptoms.dylib
0x00007fff200b7000 	/usr/lib/system/libsystem_trace.dylib
0x00007fff2a4e2000 	/usr/lib/system/libunwind.dylib
0x00007fff20081000 	/usr/lib/system/libxpc.dylib
0x00007fff202fb000 	/usr/lib/libc++abi.dylib
0x00007fff201df000 	/usr/lib/libobjc.A.dylib
0x00007fff2a4ed000 	/usr/lib/liboah.dylib
0x00007fff202a5000 	/usr/lib/libc++.1.dylib
0x00007fff203bf000 	/System/Library/Frameworks/CoreFoundation.framework/Versions/A/CoreFoundation
0x00007fff2116e000 	/System/Library/Frameworks/Foundation.framework/Versions/C/Foundation
0x00007fff22c07000 	/System/Library/Frameworks/AppKit.framework/Versions/C/AppKit
0x00007fff25acb000 	/System/Library/Frameworks/CoreData.framework/Versions/A/CoreData
0x00007fff23953000 	/System/Library/PrivateFrameworks/UIFoundation.framework/Versions/A/UIFoundation
0x00007fff2fb4e000 	/System/Library/PrivateFrameworks/RemoteViewServices.framework/Versions/A/RemoteViewServices
0x00007fff28964000 	/System/Library/PrivateFrameworks/XCTTargetBootstrap.framework/Versions/A/XCTTargetBootstrap
0x00007fff2b64a000 	/usr/lib/libspindump.dylib
0x00007fff23ba2000 	/System/Library/Frameworks/UniformTypeIdentifiers.framework/Versions/A/UniformTypeIdentifiers
0x00007fff27168000 	/usr/lib/libapp_launch_measurement.dylib
0x00007fff2716b000 	/System/Library/PrivateFrameworks/CoreAutoLayout.framework/Versions/A/CoreAutoLayout
0x00007fff282cb000 	/System/Library/Frameworks/Metal.framework/Versions/A/Metal
0x00007fff28fc1000 	/usr/lib/liblangid.dylib
0x00007fff28968000 	/System/Library/PrivateFrameworks/CoreSVG.framework/Versions/A/CoreSVG
0x00007fff24be2000 	/System/Library/PrivateFrameworks/SkyLight.framework/Versions/A/SkyLight
0x00007fff24f48000 	/System/Library/Frameworks/CoreGraphics.framework/Versions/A/CoreGraphics
0x00007fff30075000 	/System/Library/Frameworks/Accelerate.framework/Versions/A/Accelerate
0x00007fff2b088000 	/System/Library/PrivateFrameworks/IconServices.framework/Versions/A/IconServices
0x00007fff282af000 	/System/Library/Frameworks/IOSurface.framework/Versions/A/IOSurface
0x00007fff26453000 	/usr/lib/libDiagnosticMessagesClient.dylib
0x00007fff28950000 	/System/Library/PrivateFrameworks/DFRFoundation.framework/Versions/A/DFRFoundation
0x00007fff2252e000 	/usr/lib/libicucore.A.dylib
0x00007fff2cb8d000 	/System/Library/Frameworks/AudioToolbox.framework/Versions/A/AudioToolbox
0x00007fff2be15000 	/System/Library/PrivateFrameworks/DataDetectorsCore.framework/Versions/A/DataDetectorsCore
0x00007fff24b55000 	/usr/lib/libMobileGestalt.dylib
0x00007fff28654000 	/System/Library/Frameworks/Carbon.framework/Versions/A/Frameworks/HIToolbox.framework/Versions/A/HIToolbox
0x00007fff26bad000 	/System/Library/Frameworks/QuartzCore.framework/Versions/A/QuartzCore
0x00007fff2fb86000 	/System/Library/Frameworks/Carbon.framework/Versions/A/Frameworks/SpeechRecognition.framework/Versions/A/SpeechRecognition
0x00007fff26ecd000 	/System/Library/PrivateFrameworks/CoreUI.framework/Versions/A/CoreUI
0x00007fff21b44000 	/System/Library/Frameworks/CoreAudio.framework/Versions/A/CoreAudio
0x00007fff2653e000 	/System/Library/Frameworks/DiskArbitration.framework/Versions/A/DiskArbitration
0x00007fff2ba18000 	/System/Library/PrivateFrameworks/MultitouchSupport.framework/Versions/A/MultitouchSupport
0x00007fff2be0c000 	/System/Library/PrivateFrameworks/InternationalSupport.framework/Versions/A/InternationalSupport
0x00007fff24b54000 	/usr/lib/libenergytrace.dylib
0x00007fff22afe000 	/System/Library/Frameworks/IOKit.framework/Versions/A/IOKit
0x00007fff2feb9000 	/System/Library/Frameworks/CoreServices.framework/Versions/A/CoreServices
0x00007fff270fa000 	/System/Library/PrivateFrameworks/PerformanceAnalysis.framework/Versions/A/PerformanceAnalysis
0x00007fff6ba26000 	/System/Library/Frameworks/OpenGL.framework/Versions/A/OpenGL
0x00007fff2be90000 	/System/Library/PrivateFrameworks/UserActivity.framework/Versions/A/UserActivity
0x00007fff255d2000 	/System/Library/Frameworks/ColorSync.framework/Versions/A/ColorSync
0x00007fff28bcf000 	/System/Library/Frameworks/CoreImage.framework/Versions/A/CoreImage
0x00007fff2195e000 	/System/Library/Frameworks/CoreText.framework/Versions/A/CoreText
0x00007fff28992000 	/System/Library/Frameworks/ImageIO.framework/Versions/A/ImageIO
0x00007fff2a526000 	/System/Library/PrivateFrameworks/SoftLinking.framework/Versions/A/SoftLinking
0x00007fff271b3000 	/usr/lib/libxml2.2.dylib
0x00007fff2a797000 	/usr/lib/libcompression.dylib
0x00007fff2bd3e000 	/System/Library/PrivateFrameworks/TextureIO.framework/Versions/A/TextureIO
0x00007fff2adc6000 	/usr/lib/libate.dylib
0x00007fff2abab000 	/usr/lib/liblzma.5.dylib
0x00007fff20e82000 	/System/Library/Frameworks/SystemConfiguration.framework/Versions/A/SystemConfiguration
0x00007fff2a522000 	/usr/lib/libfakelink.dylib
0x00007fff246a6000 	/System/Library/Frameworks/CFNetwork.framework/Versions/A/CFNetwork
0x00007fff2a662000 	/usr/lib/libarchive.2.dylib
0x00007fff20f00000 	/usr/lib/libCRFSuite.dylib
0x00007fff29cd3000 	/usr/lib/libbsm.0.dylib
0x00007fff2401f000 	/usr/lib/libnetwork.dylib
0x00007fff2a527000 	/usr/lib/libpcap.A.dylib
0x00007fff26288000 	/usr/lib/libdns_services.dylib
0x00007fff2abc4000 	/usr/lib/libcoretls_cfhelpers.dylib
0x00007fff2a761000 	/usr/lib/libapple_nghttp2.dylib
0x00007fff2a4ba000 	/usr/lib/system/libkxld.dylib
0x00007fff25f01000 	/usr/lib/libsqlite3.dylib
0x00007fff2a23a000 	/System/Library/PrivateFrameworks/AppleFSCompression.framework/Versions/A/AppleFSCompression
0x00007fff29cbb000 	/usr/lib/libcoretls.dylib
0x00007fff2a792000 	/usr/lib/libpam.2.dylib
0x00007fff2acc2000 	/usr/lib/libxar.1.dylib
0x00007fff28fbd000 	/System/Library/PrivateFrameworks/AppleSystemInfo.framework/Versions/A/AppleSystemInfo
0x00007fff298fd000 	/System/Library/PrivateFrameworks/IOMobileFramebuffer.framework/Versions/A/IOMobileFramebuffer
0x00007fff2a24a000 	/usr/lib/libbz2.1.0.dylib
0x00007fff2a55f000 	/usr/lib/libiconv.2.dylib
0x00007fff2a4b3000 	/usr/lib/libcharset.1.dylib
0x00007fff27136000 	/System/Library/Frameworks/CoreServices.framework/Versions/A/Frameworks/FSEvents.framework/Versions/A/FSEvents
0x00007fff22798000 	/System/Library/Frameworks/CoreServices.framework/Versions/A/Frameworks/CarbonCore.framework/Versions/A/CarbonCore
0x00007fff264a3000 	/System/Library/Frameworks/CoreServices.framework/Versions/A/Frameworks/Metadata.framework/Versions/A/Metadata
0x00007fff2a25c000 	/System/Library/Frameworks/CoreServices.framework/Versions/A/Frameworks/OSServices.framework/Versions/A/OSServices
0x00007fff2a6d4000 	/System/Library/Frameworks/CoreServices.framework/Versions/A/Frameworks/SearchKit.framework/Versions/A/SearchKit
0x00007fff26213000 	/System/Library/Frameworks/CoreServices.framework/Versions/A/Frameworks/AE.framework/Versions/A/AE
0x00007fff2085d000 	/System/Library/Frameworks/CoreServices.framework/Versions/A/Frameworks/LaunchServices.framework/Versions/A/LaunchServices
0x00007fff2ab5b000 	/System/Library/Frameworks/CoreServices.framework/Versions/A/Frameworks/DictionaryServices.framework/Versions/A/DictionaryServices
0x00007fff27143000 	/System/Library/Frameworks/CoreServices.framework/Versions/A/Frameworks/SharedFileList.framework/Versions/A/SharedFileList
0x00007fff29caf000 	/usr/lib/libCheckFix.dylib
0x00007fff24bc9000 	/System/Library/PrivateFrameworks/TCC.framework/Versions/A/TCC
0x00007fff28fc3000 	/System/Library/PrivateFrameworks/CoreNLP.framework/Versions/A/CoreNLP
0x00007fff26456000 	/System/Library/PrivateFrameworks/MetadataUtilities.framework/Versions/A/MetadataUtilities
0x00007fff20f35000 	/usr/lib/libmecabra.dylib
0x00007fff29fb9000 	/System/Library/Frameworks/MLCompute.framework/Versions/A/MLCompute
0x00007fff29ce4000 	/usr/lib/libmecab.dylib
0x00007fff29d2e000 	/usr/lib/libgermantok.dylib
0x00007fff2a73c000 	/usr/lib/libThaiTokenizer.dylib
0x00007fff2acfd000 	/usr/lib/libChineseTokenizer.dylib
0x00007fff2a790000 	/System/Library/Frameworks/MetalPerformanceShaders.framework/Versions/A/MetalPerformanceShaders
0x00007fff26545000 	/System/Library/Frameworks/Accelerate.framework/Versions/A/Frameworks/vImage.framework/Versions/A/vImage
0x00007fff2fe93000 	/System/Library/Frameworks/Accelerate.framework/Versions/A/Frameworks/vecLib.framework/Versions/A/vecLib
0x00007fff2ad08000 	/System/Library/Frameworks/Accelerate.framework/Versions/A/Frameworks/vecLib.framework/Versions/A/libvMisc.dylib
0x00007fff29718000 	/System/Library/Frameworks/Accelerate.framework/Versions/A/Frameworks/vecLib.framework/Versions/A/libvDSP.dylib
0x00007fff20b68000 	/System/Library/Frameworks/Accelerate.framework/Versions/A/Frameworks/vecLib.framework/Versions/A/libBLAS.dylib
0x00007fff2a7bd000 	/System/Library/Frameworks/Accelerate.framework/Versions/A/Frameworks/vecLib.framework/Versions/A/libLAPACK.dylib
0x00007fff29d34000 	/System/Library/Frameworks/Accelerate.framework/Versions/A/Frameworks/vecLib.framework/Versions/A/libLinearAlgebra.dylib
0x00007fff2a779000 	/System/Library/Frameworks/Accelerate.framework/Versions/A/Frameworks/vecLib.framework/Versions/A/libSparseBLAS.dylib
0x00007fff2a7b7000 	/System/Library/Frameworks/Accelerate.framework/Versions/A/Frameworks/vecLib.framework/Versions/A/libQuadrature.dylib
0x00007fff2906f000 	/System/Library/Frameworks/Accelerate.framework/Versions/A/Frameworks/vecLib.framework/Versions/A/libBNNS.dylib
0x00007fff20e13000 	/System/Library/Frameworks/Accelerate.framework/Versions/A/Frameworks/vecLib.framework/Versions/A/libSparse.dylib
0x00007fff28f4b000 	/System/Library/Frameworks/MetalPerformanceShaders.framework/Versions/A/Frameworks/MPSCore.framework/Versions/A/MPSCore
0x00007fff2a1a9000 	/System/Library/Frameworks/MetalPerformanceShaders.framework/Versions/A/Frameworks/MPSImage.framework/Versions/A/MPSImage
0x00007fff29d4a000 	/System/Library/Frameworks/MetalPerformanceShaders.framework/Versions/A/Frameworks/MPSNeuralNetwork.framework/Versions/A/MPSNeuralNetwork
0x00007fff2a11b000 	/System/Library/Frameworks/MetalPerformanceShaders.framework/Versions/A/Frameworks/MPSMatrix.framework/Versions/A/MPSMatrix
0x00007fff29f69000 	/System/Library/Frameworks/MetalPerformanceShaders.framework/Versions/A/Frameworks/MPSRayIntersector.framework/Versions/A/MPSRayIntersector
0x00007fff2a152000 	/System/Library/Frameworks/MetalPerformanceShaders.framework/Versions/A/Frameworks/MPSNDArray.framework/Versions/A/MPSNDArray
0x00007fff20a93000 	/System/Library/PrivateFrameworks/MetalTools.framework/Versions/A/MetalTools
0x00007fff28fbb000 	/System/Library/PrivateFrameworks/AggregateDictionary.framework/Versions/A/AggregateDictionary
0x00007fff26423000 	/System/Library/PrivateFrameworks/CoreAnalytics.framework/Versions/A/CoreAnalytics
0x00007fff2a73e000 	/System/Library/PrivateFrameworks/AppleSauce.framework/Versions/A/AppleSauce
0x00007fff282c1000 	/System/Library/PrivateFrameworks/IOAccelerator.framework/Versions/A/IOAccelerator
0x00007fff6ba1a000 	/System/Library/Frameworks/OpenGL.framework/Versions/A/Libraries/libCoreFSCache.dylib
0x00007fff214cd000 	/System/Library/PrivateFrameworks/LanguageModeling.framework/Versions/A/LanguageModeling
0x00007fff298eb000 	/System/Library/PrivateFrameworks/CoreEmoji.framework/Versions/A/CoreEmoji
0x00007fff29068000 	/System/Library/PrivateFrameworks/LinguisticData.framework/Versions/A/LinguisticData
0x00007fff20dc5000 	/System/Library/PrivateFrameworks/Lexicon.framework/Versions/A/Lexicon
0x00007fff2a650000 	/usr/lib/libcmph.dylib
0x00007fff27116000 	/System/Library/Frameworks/OpenDirectory.framework/Versions/A/Frameworks/CFOpenDirectory.framework/Versions/A/CFOpenDirectory
0x00007fff27106000 	/System/Library/Frameworks/OpenDirectory.framework/Versions/A/OpenDirectory
0x00007fff2abc6000 	/System/Library/PrivateFrameworks/APFS.framework/Versions/A/APFS
0x00007fff29c11000 	/System/Library/Frameworks/SecurityFoundation.framework/Versions/A/SecurityFoundation
0x00007fff2acd0000 	/usr/lib/libutil.dylib
0x00007fff22ac3000 	/System/Library/PrivateFrameworks/CoreServicesStore.framework/Versions/A/CoreServicesStore
0x00007fff29ca7000 	/System/Library/Frameworks/ServiceManagement.framework/Versions/A/ServiceManagement
0x00007fff2acd4000 	/usr/lib/libxslt.1.dylib
0x00007fff29c9d000 	/System/Library/PrivateFrameworks/BackgroundTaskManagement.framework/Versions/A/BackgroundTaskManagement
0x00007fff2bc88000 	/System/Library/Frameworks/ImageIO.framework/Versions/A/Resources/libRadiance.dylib
0x00007fff2bc92000 	/System/Library/Frameworks/ImageIO.framework/Versions/A/Resources/libJPEG.dylib
0x00007fff2bbe2000 	/System/Library/Frameworks/ImageIO.framework/Versions/A/Resources/libPng.dylib
0x00007fff2bc03000 	/System/Library/Frameworks/ImageIO.framework/Versions/A/Resources/libTIFF.dylib
0x00007fff2bce7000 	/System/Library/Frameworks/ImageIO.framework/Versions/A/Resources/libGIF.dylib
0x00007fff2b934000 	/System/Library/Frameworks/ImageIO.framework/Versions/A/Resources/libJP2.dylib
0x00007fff2b04f000 	/usr/lib/libexpat.1.dylib
0x00007fff2b8ea000 	/System/Library/PrivateFrameworks/AppleJPEG.framework/Versions/A/AppleJPEG
0x00007fff284f7000 	/System/Library/PrivateFrameworks/FontServices.framework/libFontParser.dylib
0x00007fff261ca000 	/System/Library/PrivateFrameworks/RunningBoardServices.framework/Versions/A/RunningBoardServices
0x00007fff2ba14000 	/System/Library/PrivateFrameworks/WatchdogClient.framework/Versions/A/WatchdogClient
0x00007fff215b6000 	/System/Library/Frameworks/CoreDisplay.framework/Versions/A/CoreDisplay
0x00007fff2840c000 	/System/Library/Frameworks/CoreMedia.framework/Versions/A/CoreMedia
0x00007fff27296000 	/System/Library/Frameworks/CoreVideo.framework/Versions/A/CoreVideo
0x00007fff2ba4f000 	/System/Library/Frameworks/VideoToolbox.framework/Versions/A/VideoToolbox
0x00007fff2614a000 	/System/Library/PrivateFrameworks/BaseBoard.framework/Versions/A/BaseBoard
0x00007fff2b194000 	/System/Library/PrivateFrameworks/PersistentConnection.framework/Versions/A/PersistentConnection
0x00007fff25eeb000 	/System/Library/PrivateFrameworks/ProtocolBuffer.framework/Versions/A/ProtocolBuffer
0x00007fff26132000 	/System/Library/PrivateFrameworks/CommonUtilities.framework/Versions/A/CommonUtilities
0x00007fff2b8ad000 	/System/Library/PrivateFrameworks/Bom.framework/Versions/A/Bom
0x00007fff2bc80000 	/System/Library/PrivateFrameworks/GPUWrangler.framework/Versions/A/GPUWrangler
0x00007fff2bc63000 	/System/Library/PrivateFrameworks/IOPresentment.framework/Versions/A/IOPresentment
0x00007fff2bc8c000 	/System/Library/PrivateFrameworks/DSExternalDisplay.framework/Versions/A/DSExternalDisplay
0x00007fff2bcec000 	/System/Library/PrivateFrameworks/CMCaptureCore.framework/Versions/A/CMCaptureCore
0x00007fff2b630000 	/System/Library/PrivateFrameworks/AppServerSupport.framework/Versions/A/AppServerSupport
0x00007fff2d6c7000 	/System/Library/PrivateFrameworks/perfdata.framework/Versions/A/perfdata
0x00007fff29c00000 	/System/Library/PrivateFrameworks/AssertionServices.framework/Versions/A/AssertionServices
0x00007fff216ed000 	/System/Library/PrivateFrameworks/AudioToolboxCore.framework/Versions/A/AudioToolboxCore
0x00007fff283ef000 	/System/Library/PrivateFrameworks/caulk.framework/Versions/A/caulk
0x00007fff3cb73000 	/System/Library/PrivateFrameworks/SystemPolicy.framework/Versions/A/SystemPolicy
0x00007fff2ae5e000 	/usr/lib/libIOReport.dylib
0x00007fff2cf03000 	/usr/lib/libSMC.dylib
0x00007fff2bbae000 	/usr/lib/libAudioToolboxUtility.dylib
0x00007fff3d4d0000 	/usr/lib/libmis.dylib
0x00007fff6ba76000 	/System/Library/Frameworks/OpenGL.framework/Versions/A/Libraries/libGLU.dylib
0x00007fff6ba39000 	/System/Library/Frameworks/OpenGL.framework/Versions/A/Libraries/libGFXShared.dylib
0x00007fff6bc47000 	/System/Library/Frameworks/OpenGL.framework/Versions/A/Libraries/libGL.dylib
0x00007fff6ba42000 	/System/Library/Frameworks/OpenGL.framework/Versions/A/Libraries/libGLImage.dylib
0x00007fff6ba36000 	/System/Library/Frameworks/OpenGL.framework/Versions/A/Libraries/libCVMSPluginSupport.dylib
0x00007fff6ba21000 	/System/Library/Frameworks/OpenGL.framework/Versions/A/Libraries/libCoreVMClient.dylib
0x00007fff6d091000 	/System/Library/Frameworks/OpenCL.framework/Versions/A/OpenCL
0x00007fff2b1bd000 	/System/Library/PrivateFrameworks/GraphVisualizer.framework/Versions/A/GraphVisualizer
0x00007fff2b1cc000 	/System/Library/PrivateFrameworks/FaceCore.framework/Versions/A/FaceCore
0x00007fff2b5e8000 	/System/Library/PrivateFrameworks/OTSVG.framework/Versions/A/OTSVG
0x00007fff26e8b000 	/System/Library/Frameworks/ApplicationServices.framework/Versions/A/Frameworks/ATS.framework/Versions/A/Resources/libFontRegistry.dylib
0x00007fff2b637000 	/System/Library/PrivateFrameworks/FontServices.framework/libhvf.dylib
0x00007fff2affb000 	/System/Library/PrivateFrameworks/AppleVA.framework/Versions/A/AppleVA
0x00007fff2cd4b000 	/System/Library/Frameworks/ApplicationServices.framework/Versions/A/Frameworks/ATS.framework/Versions/A/ATS
0x00007fff2d05e000 	/System/Library/Frameworks/ApplicationServices.framework/Versions/A/Frameworks/ColorSyncLegacy.framework/Versions/A/ColorSyncLegacy
0x00007fff256c9000 	/System/Library/Frameworks/ApplicationServices.framework/Versions/A/Frameworks/HIServices.framework/Versions/A/HIServices
0x00007fff2d043000 	/System/Library/Frameworks/ApplicationServices.framework/Versions/A/Frameworks/LangAnalysis.framework/Versions/A/LangAnalysis
0x00007fff2bcf6000 	/System/Library/Frameworks/ApplicationServices.framework/Versions/A/Frameworks/PrintCore.framework/Versions/A/PrintCore
0x00007fff2d066000 	/System/Library/Frameworks/ApplicationServices.framework/Versions/A/Frameworks/QD.framework/Versions/A/QD
0x00007fff2cd3b000 	/System/Library/Frameworks/ApplicationServices.framework/Versions/A/Frameworks/SpeechSynthesis.framework/Versions/A/SpeechSynthesis
0x00007fff2bcb7000 	/System/Library/Frameworks/ApplicationServices.framework/Versions/A/Frameworks/ATSUI.framework/Versions/A/ATSUI
0x00007fff2cfe3000 	/usr/lib/libcups.2.dylib
0x00007fff2d053000 	/System/Library/PrivateFrameworks/NetAuth.framework/Versions/A/NetAuth
0x00007fff2d6e2000 	/System/Library/Frameworks/Kerberos.framework/Versions/A/Kerberos
0x00007fff2d6f2000 	/System/Library/Frameworks/GSS.framework/Versions/A/GSS
0x00007fff2cdb8000 	/usr/lib/libresolv.9.dylib
0x00007fff2b64d000 	/System/Library/PrivateFrameworks/Heimdal.framework/Versions/A/Heimdal
0x00007fff333a9000 	/System/Library/Frameworks/Kerberos.framework/Versions/A/Libraries/libHeimdalProxy.dylib
0x00007fff26297000 	/System/Library/Frameworks/Network.framework/Versions/A/Network
0x00007fff2b069000 	/usr/lib/libheimdal-asn1.dylib
0x00007fff2d743000 	/System/Library/PrivateFrameworks/CommonAuth.framework/Versions/A/CommonAuth
0x00007fff272e4000 	/System/Library/PrivateFrameworks/login.framework/Versions/A/Frameworks/loginsupport.framework/Versions/A/loginsupport
0x00007fff2ccc2000 	/System/Library/PrivateFrameworks/AudioSession.framework/Versions/A/AudioSession
0x00007fff2cd28000 	/usr/lib/libAudioStatistics.dylib
0x00007fff2b0f5000 	/System/Library/PrivateFrameworks/MediaExperience.framework/Versions/A/MediaExperience
0x00007fff2cb5b000 	/System/Library/PrivateFrameworks/AudioSession.framework/libSessionUtility.dylib
0x00007fff2d6d3000 	/usr/lib/libperfcheck.dylib
0x00007fff2d072000 	/System/Library/PrivateFrameworks/AudioResourceArbitration.framework/Versions/A/AudioResourceArbitration
0x00007fff2b073000 	/System/Library/PrivateFrameworks/IconFoundation.framework/Versions/A/IconFoundation
0x00007fff2fb76000 	/System/Library/PrivateFrameworks/SpeechRecognitionCore.framework/Versions/A/SpeechRecognitionCore
0x00007fff5ce31000 	/System/Library/CoreServices/Encodings/libKoreanConverter.dylib
0x0000000105e9f000 	/usr/local/Cellar/openjdk/16.0.1/libexec/openjdk.jdk/Contents/Home/lib/server/libjvm.dylib
0x0000000106cfb000 	/usr/local/Cellar/openjdk/16.0.1/libexec/openjdk.jdk/Contents/Home/lib/libjimage.dylib
0x0000000106d0f000 	/usr/local/Cellar/openjdk/16.0.1/libexec/openjdk.jdk/Contents/Home/lib/libjava.dylib
0x00000001087b3000 	/usr/local/Cellar/openjdk/16.0.1/libexec/openjdk.jdk/Contents/Home/lib/libnio.dylib
0x00000001087cb000 	/usr/local/Cellar/openjdk/16.0.1/libexec/openjdk.jdk/Contents/Home/lib/libnet.dylib
0x00000001087e7000 	/usr/local/Cellar/openjdk/16.0.1/libexec/openjdk.jdk/Contents/Home/lib/libzip.dylib
0x0000000109000000 	/usr/local/Cellar/openjdk/16.0.1/libexec/openjdk.jdk/Contents/Home/lib/libverify.dylib
0x00000001087f7000 	/usr/local/Cellar/maven/3.8.1/libexec/lib/jansi-native/osx/libjansi.jnilib


VM Arguments:
jvm_args: -Dclassworlds.conf=/usr/local/Cellar/maven/3.8.1/libexec/bin/m2.conf -Dmaven.home=/usr/local/Cellar/maven/3.8.1/libexec -Dlibrary.jansi.path=/usr/local/Cellar/maven/3.8.1/libexec/lib/jansi-native -Dmaven.multiModuleProjectDirectory=/Users/zayden/Documents/workspace/Mood/post-service 
java_command: org.codehaus.plexus.classworlds.launcher.Launcher clean compile package -DskipTests=true
java_class_path (initial): /usr/local/Cellar/maven/3.8.1/libexec/boot/plexus-classworlds-2.6.0.jar
Launcher Type: SUN_STANDARD

[Global flags]
     intx CICompilerCount                          = 4                                         {product} {ergonomic}
     uint ConcGCThreads                            = 3                                         {product} {ergonomic}
     uint G1ConcRefinementThreads                  = 10                                        {product} {ergonomic}
   size_t G1HeapRegionSize                         = 2097152                                   {product} {ergonomic}
    uintx GCDrainStackTargetSize                   = 64                                        {product} {ergonomic}
   size_t InitialHeapSize                          = 268435456                                 {product} {ergonomic}
   size_t MarkStackSize                            = 4194304                                   {product} {ergonomic}
   size_t MaxHeapSize                              = 4294967296                                {product} {ergonomic}
   size_t MaxNewSize                               = 2575302656                                {product} {ergonomic}
   size_t MinHeapDeltaBytes                        = 2097152                                   {product} {ergonomic}
   size_t MinHeapSize                              = 8388608                                   {product} {ergonomic}
    uintx NonNMethodCodeHeapSize                   = 5839372                                {pd product} {ergonomic}
    uintx NonProfiledCodeHeapSize                  = 122909434                              {pd product} {ergonomic}
    uintx ProfiledCodeHeapSize                     = 122909434                              {pd product} {ergonomic}
    uintx ReservedCodeCacheSize                    = 251658240                              {pd product} {ergonomic}
     bool SegmentedCodeCache                       = true                                      {product} {ergonomic}
   size_t SoftMaxHeapSize                          = 4294967296                             {manageable} {ergonomic}
     bool UseCompressedClassPointers               = true                           {product lp64_product} {ergonomic}
     bool UseCompressedOops                        = true                           {product lp64_product} {ergonomic}
     bool UseG1GC                                  = true                                      {product} {ergonomic}
     bool UseNUMA                                  = false                                     {product} {ergonomic}
     bool UseNUMAInterleaving                      = false                                     {product} {ergonomic}

Logging:
Log output configuration:
 #0: stdout all=warning uptime,level,tags
 #1: stderr all=off uptime,level,tags

Environment Variables:
JAVA_HOME=/usr/local/opt/openjdk/libexec/openjdk.jdk/Contents/Home
PATH=/usr/local/bin:/usr/bin:/bin:/usr/sbin:/sbin
SHELL=/bin/zsh
LANG=ko_KR.UTF-8

Signal Handlers:
SIGSEGV: [libjvm.dylib+0x8131ca], sa_mask[0]=11100110000111110111111111111111, sa_flags=SA_ONSTACK|SA_RESTART|SA_SIGINFO
SIGBUS: [libjvm.dylib+0x8131ca], sa_mask[0]=11100110000111110111111111111111, sa_flags=SA_RESTART|SA_SIGINFO
SIGFPE: [libjvm.dylib+0x8131ca], sa_mask[0]=11100110000111110111111111111111, sa_flags=SA_RESTART|SA_SIGINFO
SIGPIPE: [libjvm.dylib+0x72b938], sa_mask[0]=11100110000111110111111111111111, sa_flags=SA_RESTART|SA_SIGINFO
SIGXFSZ: [libjvm.dylib+0x72b938], sa_mask[0]=11100110000111110111111111111111, sa_flags=SA_RESTART|SA_SIGINFO
SIGILL: [libjvm.dylib+0x8131ca], sa_mask[0]=11100110000111110111111111111111, sa_flags=SA_RESTART|SA_SIGINFO
SIGUSR2: [libjvm.dylib+0x72be79], sa_mask[0]=00000000000000000000000000000000, sa_flags=SA_RESTART|SA_SIGINFO
SIGHUP: [libjvm.dylib+0x72b067], sa_mask[0]=11100110000111110111111111111111, sa_flags=SA_RESTART|SA_SIGINFO
SIGINT: [libjvm.dylib+0x72b067], sa_mask[0]=11100110000111110111111111111111, sa_flags=SA_RESTART|SA_SIGINFO
SIGTERM: [libjvm.dylib+0x72b067], sa_mask[0]=11100110000111110111111111111111, sa_flags=SA_RESTART|SA_SIGINFO
SIGQUIT: [libjvm.dylib+0x72b067], sa_mask[0]=11100110000111110111111111111111, sa_flags=SA_RESTART|SA_SIGINFO
SIGTRAP: [libjvm.dylib+0x8131ca], sa_mask[0]=11100110000111110111111111111111, sa_flags=SA_RESTART|SA_SIGINFO


---------------  S Y S T E M  ---------------

OS:uname: Darwin 20.6.0 Darwin Kernel Version 20.6.0: Mon Aug 30 06:12:21 PDT 2021; root:xnu-7195.141.6~3/RELEASE_X86_64 x86_64
OS uptime: 0 days 3:56 hours
rlimit (soft/hard): STACK 8192k/65532k , CORE 0k/infinity , NPROC 2784/2784 , NOFILE 10240/infinity , AS infinity/infinity , CPU infinity/infinity , DATA infinity/infinity , FSIZE infinity/infinity , MEMLOCK infinity/infinity , RSS infinity/infinity
load average: 3.85 2.57 2.16

CPU: total 12 (initial active 12) (6 cores per cpu, 2 threads per core) family 6 model 158 stepping 10 microcode 0xea, cx8, cmov, fxsr, ht, mmx, 3dnowpref, sse, sse2, sse3, ssse3, sse4.1, sse4.2, popcnt, lzcnt, tsc, tscinvbit, avx, avx2, aes, erms, clmul, bmi1, bmi2, adx, fma, vzeroupper, clflush, clflushopt

Memory: 4k page, physical 16777216k(27432k free), swap 1048576k(982528k free)

vm_info: OpenJDK 64-Bit Server VM (16.0.1+0) for bsd-amd64 JRE (16.0.1+0), built on May 30 2021 10:49:28 by "brew" with clang Apple LLVM 12.0.5 (clang-1205.0.22.9)

END.
