210808 10:18:03 mysqld_safe Starting mariadbd daemon with databases from /usr/local/var/mysql
2021-08-08 10:18:03 0 [Note] /usr/local/Cellar/mariadb/10.6.3/bin/mariadbd (mysqld 10.6.3-MariaDB) starting as process 52160 ...
2021-08-08 10:18:03 0 [Warning] Setting lower_case_table_names=2 because file system for /usr/local/var/mysql/ is case insensitive
2021-08-08 10:18:03 0 [Note] InnoDB: Compressed tables use zlib 1.2.11
2021-08-08 10:18:03 0 [Note] InnoDB: Number of pools: 1
2021-08-08 10:18:03 0 [Note] InnoDB: Using crc32 + pclmulqdq instructions
2021-08-08 10:18:03 0 [Note] InnoDB: Initializing buffer pool, total size = 134217728, chunk size = 134217728
2021-08-08 10:18:03 0 [Note] InnoDB: Completed initialization of buffer pool
2021-08-08 10:18:03 0 [Note] InnoDB: 128 rollback segments are active.
2021-08-08 10:18:03 0 [Note] InnoDB: Creating shared tablespace for temporary tables
2021-08-08 10:18:03 0 [Note] InnoDB: Setting file './ibtmp1' size to 12 MB. Physically writing the file full; Please wait ...
2021-08-08 10:18:03 0 [Note] InnoDB: File './ibtmp1' size is now 12 MB.
2021-08-08 10:18:03 0 [Note] InnoDB: 10.6.3 started; log sequence number 42173; transaction id 14
2021-08-08 10:18:03 0 [Note] Plugin 'FEEDBACK' is disabled.
2021-08-08 10:18:03 0 [Note] InnoDB: Loading buffer pool(s) from /usr/local/var/mysql/ib_buffer_pool
2021-08-08 10:18:03 0 [Note] InnoDB: Buffer pool(s) load completed at 210808 10:18:03
2021-08-08 10:18:03 0 [Note] Server socket created on IP: '::'.
2021-08-08 10:18:03 0 [Note] Server socket created on IP: '0.0.0.0'.
2021-08-08 10:18:03 0 [Note] /usr/local/Cellar/mariadb/10.6.3/bin/mariadbd: ready for connections.
Version: '10.6.3-MariaDB'  socket: '/tmp/mysql.sock'  port: 3306  Homebrew
2021-08-08 10:18:38 4 [Warning] Access denied for user 'root'@'localhost'
2021-08-08 10:40:22 6 [Warning] Access denied for user 'root'@'localhost'
2021-08-08 10:40:39 7 [Warning] Access denied for user 'root'@'localhost'
2021-08-08 10:40:46 8 [Warning] Access denied for user 'root'@'localhost'
2021-08-08 10:43:05 9 [Warning] Access denied for user 'root'@'localhost'
2021-08-08 10:45:54 11 [Warning] Access denied for user 'root'@'localhost'
2021-08-10  0:03:55 0 [Note] /usr/local/Cellar/mariadb/10.6.3/bin/mariadbd (initiated by: unknown): Normal shutdown
2021-08-10  0:03:55 0 [Note] InnoDB: FTS optimize thread exiting.
2021-08-10  0:03:55 0 [Note] InnoDB: Starting shutdown...
2021-08-10  0:03:55 0 [Note] InnoDB: Dumping buffer pool(s) to /usr/local/var/mysql/ib_buffer_pool
2021-08-10  0:03:55 0 [Note] InnoDB: Buffer pool(s) dump completed at 210810  0:03:55
2021-08-10  0:03:55 0 [Note] InnoDB: Removed temporary tablespace data file: "./ibtmp1"
2021-08-10  0:03:55 0 [Note] InnoDB: Shutdown completed; log sequence number 46989; transaction id 29
2021-08-10  0:03:55 0 [Note] /usr/local/Cellar/mariadb/10.6.3/bin/mariadbd: Shutdown complete

210810 00:03:55 mysqld_safe mysqld from pid file /usr/local/var/mysql/Zaydenui-MacBookPro.local.pid ended
210813 14:36:00 mysqld_safe Starting mariadbd daemon with databases from /usr/local/var/mysql
2021-08-13 14:36:00 0 [Note] /usr/local/Cellar/mariadb/10.6.3/bin/mariadbd (mysqld 10.6.3-MariaDB) starting as process 10470 ...
2021-08-13 14:36:00 0 [Warning] Setting lower_case_table_names=2 because file system for /usr/local/var/mysql/ is case insensitive
2021-08-13 14:36:00 0 [Note] InnoDB: Compressed tables use zlib 1.2.11
2021-08-13 14:36:00 0 [Note] InnoDB: Number of pools: 1
2021-08-13 14:36:00 0 [Note] InnoDB: Using crc32 + pclmulqdq instructions
2021-08-13 14:36:00 0 [Note] InnoDB: Initializing buffer pool, total size = 134217728, chunk size = 134217728
2021-08-13 14:36:00 0 [Note] InnoDB: Completed initialization of buffer pool
2021-08-13 14:36:00 0 [Note] InnoDB: 128 rollback segments are active.
2021-08-13 14:36:00 0 [Note] InnoDB: Creating shared tablespace for temporary tables
2021-08-13 14:36:00 0 [Note] InnoDB: Setting file './ibtmp1' size to 12 MB. Physically writing the file full; Please wait ...
2021-08-13 14:36:00 0 [Note] InnoDB: File './ibtmp1' size is now 12 MB.
2021-08-13 14:36:00 0 [Note] InnoDB: 10.6.3 started; log sequence number 46989; transaction id 30
2021-08-13 14:36:00 0 [Note] Plugin 'FEEDBACK' is disabled.
2021-08-13 14:36:00 0 [Note] InnoDB: Loading buffer pool(s) from /usr/local/var/mysql/ib_buffer_pool
2021-08-13 14:36:00 0 [Note] InnoDB: Buffer pool(s) load completed at 210813 14:36:00
2021-08-13 14:36:00 0 [Note] Server socket created on IP: '::'.
2021-08-13 14:36:00 0 [Note] Server socket created on IP: '0.0.0.0'.
2021-08-13 14:36:00 0 [Note] /usr/local/Cellar/mariadb/10.6.3/bin/mariadbd: ready for connections.
Version: '10.6.3-MariaDB'  socket: '/tmp/mysql.sock'  port: 3306  Homebrew
2021-08-13 14:42:19 5 [Warning] Access denied for user 'root'@'localhost'
2021-08-19 21:40:45 0 [Note] /usr/local/Cellar/mariadb/10.6.3/bin/mariadbd (initiated by: unknown): Normal shutdown
2021-08-19 21:40:45 0 [Note] InnoDB: FTS optimize thread exiting.
2021-08-19 21:40:46 0 [Note] InnoDB: Starting shutdown...
2021-08-19 21:40:46 0 [Note] InnoDB: Dumping buffer pool(s) to /usr/local/var/mysql/ib_buffer_pool
2021-08-19 21:40:46 0 [Note] InnoDB: Buffer pool(s) dump completed at 210819 21:40:46
2021-08-19 21:40:46 0 [Note] InnoDB: Removed temporary tablespace data file: "./ibtmp1"
2021-08-19 21:40:46 0 [Note] InnoDB: Shutdown completed; log sequence number 72811; transaction id 70
2021-08-19 21:40:46 0 [Note] /usr/local/Cellar/mariadb/10.6.3/bin/mariadbd: Shutdown complete

210819 21:40:46 mysqld_safe mysqld from pid file /usr/local/var/mysql/Zaydenui-MacBookPro.local.pid ended
210917 18:58:01 mysqld_safe Starting mariadbd daemon with databases from /usr/local/var/mysql
2021-09-17 18:58:01 0 [Note] /usr/local/Cellar/mariadb/10.6.3/bin/mariadbd (mysqld 10.6.3-MariaDB) starting as process 8396 ...
2021-09-17 18:58:01 0 [Warning] Setting lower_case_table_names=2 because file system for /usr/local/var/mysql/ is case insensitive
2021-09-17 18:58:01 0 [Note] InnoDB: Compressed tables use zlib 1.2.11
2021-09-17 18:58:01 0 [Note] InnoDB: Number of pools: 1
2021-09-17 18:58:01 0 [Note] InnoDB: Using crc32 + pclmulqdq instructions
2021-09-17 18:58:01 0 [Note] InnoDB: Initializing buffer pool, total size = 134217728, chunk size = 134217728
2021-09-17 18:58:01 0 [Note] InnoDB: Completed initialization of buffer pool
2021-09-17 18:58:01 0 [Note] InnoDB: 128 rollback segments are active.
2021-09-17 18:58:01 0 [Note] InnoDB: Creating shared tablespace for temporary tables
2021-09-17 18:58:01 0 [Note] InnoDB: Setting file './ibtmp1' size to 12 MB. Physically writing the file full; Please wait ...
2021-09-17 18:58:01 0 [Note] InnoDB: File './ibtmp1' size is now 12 MB.
2021-09-17 18:58:01 0 [Note] InnoDB: 10.6.3 started; log sequence number 72811; transaction id 71
2021-09-17 18:58:01 0 [Note] Plugin 'FEEDBACK' is disabled.
2021-09-17 18:58:01 0 [Note] InnoDB: Loading buffer pool(s) from /usr/local/var/mysql/ib_buffer_pool
2021-09-17 18:58:01 0 [Note] InnoDB: Buffer pool(s) load completed at 210917 18:58:01
2021-09-17 18:58:02 0 [Note] Server socket created on IP: '::'.
2021-09-17 18:58:02 0 [Note] Server socket created on IP: '0.0.0.0'.
2021-09-17 18:58:02 0 [Note] /usr/local/Cellar/mariadb/10.6.3/bin/mariadbd: ready for connections.
Version: '10.6.3-MariaDB'  socket: '/tmp/mysql.sock'  port: 3306  Homebrew
2021-09-17 20:56:21 0 [Note] /usr/local/Cellar/mariadb/10.6.3/bin/mariadbd (initiated by: unknown): Normal shutdown
2021-09-17 20:56:21 0 [Note] InnoDB: FTS optimize thread exiting.
2021-09-17 20:56:21 0 [Note] InnoDB: Starting shutdown...
2021-09-17 20:56:21 0 [Note] InnoDB: Dumping buffer pool(s) to /usr/local/var/mysql/ib_buffer_pool
2021-09-17 20:56:21 0 [Note] InnoDB: Buffer pool(s) dump completed at 210917 20:56:21
2021-09-17 20:56:22 0 [Note] InnoDB: Removed temporary tablespace data file: "./ibtmp1"
2021-09-17 20:56:22 0 [Note] InnoDB: Shutdown completed; log sequence number 72823; transaction id 72
2021-09-17 20:56:22 0 [Note] /usr/local/Cellar/mariadb/10.6.3/bin/mariadbd: Shutdown complete

210918 18:43:14 mysqld_safe Starting mariadbd daemon with databases from /usr/local/var/mysql
2021-09-18 18:43:14 0 [Note] /usr/local/Cellar/mariadb/10.6.3/bin/mariadbd (mysqld 10.6.3-MariaDB) starting as process 1638 ...
2021-09-18 18:43:14 0 [Warning] Setting lower_case_table_names=2 because file system for /usr/local/var/mysql/ is case insensitive
2021-09-18 18:43:14 0 [Note] InnoDB: Compressed tables use zlib 1.2.11
2021-09-18 18:43:14 0 [Note] InnoDB: Number of pools: 1
2021-09-18 18:43:14 0 [Note] InnoDB: Using crc32 + pclmulqdq instructions
2021-09-18 18:43:14 0 [Note] InnoDB: Initializing buffer pool, total size = 134217728, chunk size = 134217728
2021-09-18 18:43:14 0 [Note] InnoDB: Completed initialization of buffer pool
2021-09-18 18:43:14 0 [Note] InnoDB: 128 rollback segments are active.
2021-09-18 18:43:14 0 [Note] InnoDB: Creating shared tablespace for temporary tables
2021-09-18 18:43:14 0 [Note] InnoDB: Setting file './ibtmp1' size to 12 MB. Physically writing the file full; Please wait ...
2021-09-18 18:43:14 0 [Note] InnoDB: File './ibtmp1' size is now 12 MB.
2021-09-18 18:43:14 0 [Note] InnoDB: 10.6.3 started; log sequence number 72823; transaction id 71
2021-09-18 18:43:14 0 [Note] InnoDB: Loading buffer pool(s) from /usr/local/var/mysql/ib_buffer_pool
2021-09-18 18:43:14 0 [Note] Plugin 'FEEDBACK' is disabled.
2021-09-18 18:43:14 0 [Note] InnoDB: Buffer pool(s) load completed at 210918 18:43:14
2021-09-18 18:43:14 0 [Note] Server socket created on IP: '::'.
2021-09-18 18:43:14 0 [Note] Server socket created on IP: '0.0.0.0'.
2021-09-18 18:43:14 0 [Note] /usr/local/Cellar/mariadb/10.6.3/bin/mariadbd: ready for connections.
Version: '10.6.3-MariaDB'  socket: '/tmp/mysql.sock'  port: 3306  Homebrew
2021-09-19 15:49:04 33 [Warning] Aborted connection 33 to db: 'mooddb' user: 'root' host: 'localhost' (Got an error reading communication packets)
2021-09-19 15:49:04 31 [Warning] Aborted connection 31 to db: 'mooddb' user: 'root' host: 'localhost' (Got an error reading communication packets)
2021-09-19 15:49:04 35 [Warning] Aborted connection 35 to db: 'mooddb' user: 'root' host: 'localhost' (Got an error reading communication packets)
2021-09-19 15:49:04 36 [Warning] Aborted connection 36 to db: 'mooddb' user: 'root' host: 'localhost' (Got an error reading communication packets)
2021-09-19 15:49:04 37 [Warning] Aborted connection 37 to db: 'mooddb' user: 'root' host: 'localhost' (Got an error reading communication packets)
2021-09-19 15:49:04 34 [Warning] Aborted connection 34 to db: 'mooddb' user: 'root' host: 'localhost' (Got an error reading communication packets)
2021-09-19 15:49:04 32 [Warning] Aborted connection 32 to db: 'mooddb' user: 'root' host: 'localhost' (Got an error reading communication packets)
2021-09-19 15:49:04 30 [Warning] Aborted connection 30 to db: 'mooddb' user: 'root' host: 'localhost' (Got an error reading communication packets)
2021-09-19 15:49:04 29 [Warning] Aborted connection 29 to db: 'mooddb' user: 'root' host: 'localhost' (Got an error reading communication packets)
2021-09-19 15:49:04 28 [Warning] Aborted connection 28 to db: 'mooddb' user: 'root' host: 'localhost' (Got an error reading communication packets)
210919 16:29:22 mysqld_safe A mysqld process already exists
2021-09-19 19:04:07 0 [Note] /usr/local/Cellar/mariadb/10.6.3/bin/mariadbd (initiated by: unknown): Normal shutdown
2021-09-19 19:04:07 0 [Note] InnoDB: FTS optimize thread exiting.
2021-09-19 19:04:07 0 [Note] InnoDB: Starting shutdown...
2021-09-19 19:04:07 0 [Note] InnoDB: Dumping buffer pool(s) to /usr/local/var/mysql/ib_buffer_pool
2021-09-19 19:04:07 0 [Note] InnoDB: Buffer pool(s) dump completed at 210919 19:04:07
2021-09-19 19:04:08 0 [Note] InnoDB: Removed temporary tablespace data file: "./ibtmp1"
2021-09-19 19:04:08 0 [Note] InnoDB: Shutdown completed; log sequence number 83189; transaction id 87
2021-09-19 19:04:08 0 [Note] /usr/local/Cellar/mariadb/10.6.3/bin/mariadbd: Shutdown complete

210919 19:04:08 mysqld_safe mysqld from pid file /usr/local/var/mysql/Zaydenui-MacBookPro.local.pid ended
210920 19:44:54 mysqld_safe Starting mariadbd daemon with databases from /usr/local/var/mysql
2021-09-20 19:44:54 0 [Note] /usr/local/Cellar/mariadb/10.6.3/bin/mariadbd (mysqld 10.6.3-MariaDB) starting as process 1913 ...
2021-09-20 19:44:54 0 [Warning] Setting lower_case_table_names=2 because file system for /usr/local/var/mysql/ is case insensitive
2021-09-20 19:44:54 0 [Note] InnoDB: Compressed tables use zlib 1.2.11
2021-09-20 19:44:54 0 [Note] InnoDB: Number of pools: 1
2021-09-20 19:44:54 0 [Note] InnoDB: Using crc32 + pclmulqdq instructions
2021-09-20 19:44:54 0 [Note] InnoDB: Initializing buffer pool, total size = 134217728, chunk size = 134217728
2021-09-20 19:44:54 0 [Note] InnoDB: Completed initialization of buffer pool
2021-09-20 19:44:54 0 [Note] InnoDB: 128 rollback segments are active.
2021-09-20 19:44:54 0 [Note] InnoDB: Creating shared tablespace for temporary tables
2021-09-20 19:44:54 0 [Note] InnoDB: Setting file './ibtmp1' size to 12 MB. Physically writing the file full; Please wait ...
2021-09-20 19:44:54 0 [Note] InnoDB: File './ibtmp1' size is now 12 MB.
2021-09-20 19:44:54 0 [Note] InnoDB: 10.6.3 started; log sequence number 83189; transaction id 87
2021-09-20 19:44:54 0 [Note] Plugin 'FEEDBACK' is disabled.
2021-09-20 19:44:54 0 [Note] InnoDB: Loading buffer pool(s) from /usr/local/var/mysql/ib_buffer_pool
2021-09-20 19:44:54 0 [Note] InnoDB: Buffer pool(s) load completed at 210920 19:44:54
2021-09-20 19:44:54 0 [Note] Server socket created on IP: '::'.
2021-09-20 19:44:54 0 [Note] Server socket created on IP: '0.0.0.0'.
2021-09-20 19:44:54 0 [Note] /usr/local/Cellar/mariadb/10.6.3/bin/mariadbd: ready for connections.
Version: '10.6.3-MariaDB'  socket: '/tmp/mysql.sock'  port: 3306  Homebrew
2021-09-20 21:41:28 0 [Note] /usr/local/Cellar/mariadb/10.6.3/bin/mariadbd (initiated by: unknown): Normal shutdown
2021-09-20 21:41:28 0 [Note] InnoDB: FTS optimize thread exiting.
2021-09-20 21:41:28 0 [Note] InnoDB: Starting shutdown...
2021-09-20 21:41:28 0 [Note] InnoDB: Dumping buffer pool(s) to /usr/local/var/mysql/ib_buffer_pool
2021-09-20 21:41:28 0 [Note] InnoDB: Buffer pool(s) dump completed at 210920 21:41:28
2021-09-20 21:41:28 0 [Note] InnoDB: Removed temporary tablespace data file: "./ibtmp1"
2021-09-20 21:41:28 0 [Note] InnoDB: Shutdown completed; log sequence number 85180; transaction id 96
2021-09-20 21:41:28 0 [Note] /usr/local/Cellar/mariadb/10.6.3/bin/mariadbd: Shutdown complete

210921 17:44:11 mysqld_safe Starting mariadbd daemon with databases from /usr/local/var/mysql
2021-09-21 17:44:11 0 [Note] /usr/local/Cellar/mariadb/10.6.3/bin/mariadbd (mysqld 10.6.3-MariaDB) starting as process 1970 ...
2021-09-21 17:44:11 0 [Warning] Setting lower_case_table_names=2 because file system for /usr/local/var/mysql/ is case insensitive
2021-09-21 17:44:11 0 [Note] InnoDB: Compressed tables use zlib 1.2.11
2021-09-21 17:44:11 0 [Note] InnoDB: Number of pools: 1
2021-09-21 17:44:11 0 [Note] InnoDB: Using crc32 + pclmulqdq instructions
2021-09-21 17:44:11 0 [Note] InnoDB: Initializing buffer pool, total size = 134217728, chunk size = 134217728
2021-09-21 17:44:11 0 [Note] InnoDB: Completed initialization of buffer pool
2021-09-21 17:44:11 0 [Note] InnoDB: 128 rollback segments are active.
2021-09-21 17:44:11 0 [Note] InnoDB: Creating shared tablespace for temporary tables
2021-09-21 17:44:11 0 [Note] InnoDB: Setting file './ibtmp1' size to 12 MB. Physically writing the file full; Please wait ...
2021-09-21 17:44:11 0 [Note] InnoDB: File './ibtmp1' size is now 12 MB.
2021-09-21 17:44:11 0 [Note] InnoDB: 10.6.3 started; log sequence number 85180; transaction id 96
2021-09-21 17:44:11 0 [Note] InnoDB: Loading buffer pool(s) from /usr/local/var/mysql/ib_buffer_pool
2021-09-21 17:44:11 0 [Note] Plugin 'FEEDBACK' is disabled.
2021-09-21 17:44:11 0 [Note] InnoDB: Buffer pool(s) load completed at 210921 17:44:11
2021-09-21 17:44:11 0 [Note] Server socket created on IP: '::'.
2021-09-21 17:44:11 0 [Note] Server socket created on IP: '0.0.0.0'.
2021-09-21 17:44:12 0 [Note] /usr/local/Cellar/mariadb/10.6.3/bin/mariadbd: ready for connections.
Version: '10.6.3-MariaDB'  socket: '/tmp/mysql.sock'  port: 3306  Homebrew
2021-09-21 21:07:09 123 [Warning] Aborted connection 123 to db: 'mooddb' user: 'root' host: 'localhost' (Got an error reading communication packets)
2021-09-21 21:07:09 120 [Warning] Aborted connection 120 to db: 'mooddb' user: 'root' host: 'localhost' (Got an error reading communication packets)
2021-09-21 21:07:09 122 [Warning] Aborted connection 122 to db: 'mooddb' user: 'root' host: 'localhost' (Got an error reading communication packets)
2021-09-21 21:07:09 117 [Warning] Aborted connection 117 to db: 'mooddb' user: 'root' host: 'localhost' (Got an error reading communication packets)
2021-09-21 21:07:09 116 [Warning] Aborted connection 116 to db: 'mooddb' user: 'root' host: 'localhost' (Got an error reading communication packets)
2021-09-21 21:07:09 119 [Warning] Aborted connection 119 to db: 'mooddb' user: 'root' host: 'localhost' (Got an error reading communication packets)
2021-09-21 21:07:09 118 [Warning] Aborted connection 118 to db: 'mooddb' user: 'root' host: 'localhost' (Got an error reading communication packets)
2021-09-21 21:07:09 124 [Warning] Aborted connection 124 to db: 'mooddb' user: 'root' host: 'localhost' (Got an error reading communication packets)
2021-09-21 21:07:09 115 [Warning] Aborted connection 115 to db: 'mooddb' user: 'root' host: 'localhost' (Got an error reading communication packets)
2021-09-21 21:07:09 121 [Warning] Aborted connection 121 to db: 'mooddb' user: 'root' host: 'localhost' (Got an error reading communication packets)
210921 23:00:59 mysqld_safe A mysqld process already exists
210921 23:06:32 mysqld_safe A mysqld process already exists
210921 23:08:18 mysqld_safe A mysqld process already exists
2021-09-22  0:08:11 268 [Warning] Aborted connection 268 to db: 'mooddb' user: 'root' host: 'localhost' (Got an error reading communication packets)
2021-09-22  0:08:11 270 [Warning] Aborted connection 270 to db: 'mooddb' user: 'root' host: 'localhost' (Got an error reading communication packets)
2021-09-22  0:08:11 273 [Warning] Aborted connection 273 to db: 'mooddb' user: 'root' host: 'localhost' (Got an error reading communication packets)
2021-09-22  0:08:11 276 [Warning] Aborted connection 276 to db: 'mooddb' user: 'root' host: 'localhost' (Got an error reading communication packets)
2021-09-22  0:08:11 274 [Warning] Aborted connection 274 to db: 'mooddb' user: 'root' host: 'localhost' (Got an error reading communication packets)
2021-09-22  0:08:11 275 [Warning] Aborted connection 275 to db: 'mooddb' user: 'root' host: 'localhost' (Got an error reading communication packets)
2021-09-22  0:08:11 269 [Warning] Aborted connection 269 to db: 'mooddb' user: 'root' host: 'localhost' (Got an error reading communication packets)
2021-09-22  0:08:11 272 [Warning] Aborted connection 272 to db: 'mooddb' user: 'root' host: 'localhost' (Got an error reading communication packets)
2021-09-22  0:08:11 267 [Warning] Aborted connection 267 to db: 'mooddb' user: 'root' host: 'localhost' (Got an error reading communication packets)
2021-09-22  0:08:11 271 [Warning] Aborted connection 271 to db: 'mooddb' user: 'root' host: 'localhost' (Got an error reading communication packets)
2021-09-22  1:06:23 0 [Note] /usr/local/Cellar/mariadb/10.6.3/bin/mariadbd (initiated by: unknown): Normal shutdown
2021-09-22  1:06:23 0 [Note] InnoDB: FTS optimize thread exiting.
2021-09-22  1:06:23 0 [Note] InnoDB: Starting shutdown...
2021-09-22  1:06:23 0 [Note] InnoDB: Dumping buffer pool(s) to /usr/local/var/mysql/ib_buffer_pool
2021-09-22  1:06:23 0 [Note] InnoDB: Buffer pool(s) dump completed at 210922  1:06:23
2021-09-22  1:06:23 0 [Note] InnoDB: Removed temporary tablespace data file: "./ibtmp1"
2021-09-22  1:06:23 0 [Note] InnoDB: Shutdown completed; log sequence number 211620; transaction id 293
2021-09-22  1:06:23 0 [Note] /usr/local/Cellar/mariadb/10.6.3/bin/mariadbd: Shutdown complete

210922 10:30:35 mysqld_safe Starting mariadbd daemon with databases from /usr/local/var/mysql
2021-09-22 10:30:35 0 [Note] /usr/local/Cellar/mariadb/10.6.4/bin/mariadbd (server 10.6.4-MariaDB) starting as process 4082 ...
2021-09-22 10:30:35 0 [Warning] Setting lower_case_table_names=2 because file system for /usr/local/var/mysql/ is case insensitive
2021-09-22 10:30:36 0 [Note] InnoDB: Compressed tables use zlib 1.2.11
2021-09-22 10:30:36 0 [Note] InnoDB: Number of pools: 1
2021-09-22 10:30:36 0 [Note] InnoDB: Using crc32 + pclmulqdq instructions
2021-09-22 10:30:36 0 [Note] InnoDB: Initializing buffer pool, total size = 134217728, chunk size = 134217728
2021-09-22 10:30:36 0 [Note] InnoDB: Completed initialization of buffer pool
2021-09-22 10:30:36 0 [Note] InnoDB: 128 rollback segments are active.
2021-09-22 10:30:36 0 [Note] InnoDB: Creating shared tablespace for temporary tables
2021-09-22 10:30:36 0 [Note] InnoDB: Setting file './ibtmp1' size to 12 MB. Physically writing the file full; Please wait ...
2021-09-22 10:30:36 0 [Note] InnoDB: File './ibtmp1' size is now 12 MB.
2021-09-22 10:30:36 0 [Note] InnoDB: 10.6.4 started; log sequence number 211620; transaction id 294
2021-09-22 10:30:36 0 [Note] Plugin 'FEEDBACK' is disabled.
2021-09-22 10:30:36 0 [Note] InnoDB: Loading buffer pool(s) from /usr/local/var/mysql/ib_buffer_pool
2021-09-22 10:30:36 0 [Note] InnoDB: Buffer pool(s) load completed at 210922 10:30:36
2021-09-22 10:30:36 0 [Note] Server socket created on IP: '::'.
2021-09-22 10:30:36 0 [Note] Server socket created on IP: '0.0.0.0'.
2021-09-22 10:30:36 0 [Note] /usr/local/Cellar/mariadb/10.6.4/bin/mariadbd: ready for connections.
Version: '10.6.4-MariaDB'  socket: '/tmp/mysql.sock'  port: 3306  Homebrew
2021-09-22 10:40:19 23 [Warning] Aborted connection 23 to db: 'mooddb' user: 'root' host: 'localhost' (Got an error reading communication packets)
2021-09-22 10:40:19 16 [Warning] Aborted connection 16 to db: 'mooddb' user: 'root' host: 'localhost' (Got an error reading communication packets)
2021-09-22 10:40:19 22 [Warning] Aborted connection 22 to db: 'mooddb' user: 'root' host: 'localhost' (Got an error reading communication packets)
2021-09-22 10:40:19 17 [Warning] Aborted connection 17 to db: 'mooddb' user: 'root' host: 'localhost' (Got an error reading communication packets)
2021-09-22 10:40:19 18 [Warning] Aborted connection 18 to db: 'mooddb' user: 'root' host: 'localhost' (Got an error reading communication packets)
2021-09-22 10:40:19 15 [Warning] Aborted connection 15 to db: 'mooddb' user: 'root' host: 'localhost' (Got an error reading communication packets)
2021-09-22 10:40:19 19 [Warning] Aborted connection 19 to db: 'mooddb' user: 'root' host: 'localhost' (Got an error reading communication packets)
2021-09-22 10:40:19 21 [Warning] Aborted connection 21 to db: 'mooddb' user: 'root' host: 'localhost' (Got an error reading communication packets)
2021-09-22 10:40:19 20 [Warning] Aborted connection 20 to db: 'mooddb' user: 'root' host: 'localhost' (Got an error reading communication packets)
2021-09-22 10:40:19 14 [Warning] Aborted connection 14 to db: 'mooddb' user: 'root' host: 'localhost' (Got an error reading communication packets)
2021-09-22 10:42:20 32 [Warning] Aborted connection 32 to db: 'mooddb' user: 'root' host: 'localhost' (Got an error reading communication packets)
2021-09-22 10:42:20 31 [Warning] Aborted connection 31 to db: 'mooddb' user: 'root' host: 'localhost' (Got an error reading communication packets)
2021-09-22 10:42:20 28 [Warning] Aborted connection 28 to db: 'mooddb' user: 'root' host: 'localhost' (Got an error reading communication packets)
2021-09-22 10:42:20 26 [Warning] Aborted connection 26 to db: 'mooddb' user: 'root' host: 'localhost' (Got an error reading communication packets)
2021-09-22 10:42:20 27 [Warning] Aborted connection 27 to db: 'mooddb' user: 'root' host: 'localhost' (Got an error reading communication packets)
2021-09-22 10:42:20 25 [Warning] Aborted connection 25 to db: 'mooddb' user: 'root' host: 'localhost' (Got an error reading communication packets)
2021-09-22 10:42:20 30 [Warning] Aborted connection 30 to db: 'mooddb' user: 'root' host: 'localhost' (Got an error reading communication packets)
2021-09-22 10:42:20 33 [Warning] Aborted connection 33 to db: 'mooddb' user: 'root' host: 'localhost' (Got an error reading communication packets)
2021-09-22 10:42:20 24 [Warning] Aborted connection 24 to db: 'mooddb' user: 'root' host: 'localhost' (Got an error reading communication packets)
2021-09-22 10:42:20 29 [Warning] Aborted connection 29 to db: 'mooddb' user: 'root' host: 'localhost' (Got an error reading communication packets)
2021-09-22 10:52:41 43 [Warning] Aborted connection 43 to db: 'mooddb' user: 'root' host: 'localhost' (Got an error reading communication packets)
2021-09-22 10:52:41 41 [Warning] Aborted connection 41 to db: 'mooddb' user: 'root' host: 'localhost' (Got an error reading communication packets)
2021-09-22 10:52:41 40 [Warning] Aborted connection 40 to db: 'mooddb' user: 'root' host: 'localhost' (Got an error reading communication packets)
2021-09-22 10:52:41 42 [Warning] Aborted connection 42 to db: 'mooddb' user: 'root' host: 'localhost' (Got an error reading communication packets)
2021-09-22 10:52:41 36 [Warning] Aborted connection 36 to db: 'mooddb' user: 'root' host: 'localhost' (Got an error reading communication packets)
2021-09-22 10:52:41 35 [Warning] Aborted connection 35 to db: 'mooddb' user: 'root' host: 'localhost' (Got an error reading communication packets)
2021-09-22 10:52:41 38 [Warning] Aborted connection 38 to db: 'mooddb' user: 'root' host: 'localhost' (Got an error reading communication packets)
2021-09-22 10:52:41 34 [Warning] Aborted connection 34 to db: 'mooddb' user: 'root' host: 'localhost' (Got an error reading communication packets)
2021-09-22 10:52:41 37 [Warning] Aborted connection 37 to db: 'mooddb' user: 'root' host: 'localhost' (Got an error reading communication packets)
2021-09-22 10:52:41 39 [Warning] Aborted connection 39 to db: 'mooddb' user: 'root' host: 'localhost' (Got an error reading communication packets)
2021-09-22 16:10:20 55 [Warning] Access denied for user 'root'@'localhost'
2021-09-22 16:10:21 56 [Warning] Access denied for user 'root'@'localhost'
2021-09-22 16:12:38 57 [Warning] Access denied for user 'root'@'localhost'
2021-09-22 16:12:40 58 [Warning] Access denied for user 'root'@'localhost'
2021-09-22 16:12:41 59 [Warning] Access denied for user 'root'@'localhost'
2021-09-24 20:47:39 80 [Warning] Aborted connection 80 to db: 'mooddb' user: 'root' host: 'localhost' (Got an error reading communication packets)
2021-09-24 23:21:39 0 [Note] /usr/local/Cellar/mariadb/10.6.4/bin/mariadbd (initiated by: unknown): Normal shutdown
2021-09-24 23:21:39 0 [Note] InnoDB: FTS optimize thread exiting.
2021-09-24 23:21:39 0 [Note] InnoDB: Starting shutdown...
2021-09-24 23:21:39 0 [Note] InnoDB: Dumping buffer pool(s) to /usr/local/var/mysql/ib_buffer_pool
2021-09-24 23:21:39 0 [Note] InnoDB: Buffer pool(s) dump completed at 210924 23:21:39
2021-09-24 23:21:40 0 [Note] InnoDB: Removed temporary tablespace data file: "./ibtmp1"
2021-09-24 23:21:40 0 [Note] InnoDB: Shutdown completed; log sequence number 217304; transaction id 310
2021-09-24 23:21:40 0 [Note] /usr/local/Cellar/mariadb/10.6.4/bin/mariadbd: Shutdown complete

210924 23:21:40 mysqld_safe mysqld from pid file /usr/local/var/mysql/Zaydenui-MacBookPro.local.pid ended
210928 12:51:05 mysqld_safe Starting mariadbd daemon with databases from /usr/local/var/mysql
2021-09-28 12:51:06 0 [Note] /usr/local/Cellar/mariadb/10.6.4/bin/mariadbd (server 10.6.4-MariaDB) starting as process 17726 ...
2021-09-28 12:51:06 0 [Warning] Setting lower_case_table_names=2 because file system for /usr/local/var/mysql/ is case insensitive
2021-09-28 12:51:06 0 [Note] InnoDB: Compressed tables use zlib 1.2.11
2021-09-28 12:51:06 0 [Note] InnoDB: Number of pools: 1
2021-09-28 12:51:06 0 [Note] InnoDB: Using crc32 + pclmulqdq instructions
2021-09-28 12:51:06 0 [Note] InnoDB: Initializing buffer pool, total size = 134217728, chunk size = 134217728
2021-09-28 12:51:06 0 [Note] InnoDB: Completed initialization of buffer pool
2021-09-28 12:51:06 0 [Note] InnoDB: 128 rollback segments are active.
2021-09-28 12:51:06 0 [Note] InnoDB: Creating shared tablespace for temporary tables
2021-09-28 12:51:06 0 [Note] InnoDB: Setting file './ibtmp1' size to 12 MB. Physically writing the file full; Please wait ...
2021-09-28 12:51:06 0 [Note] InnoDB: File './ibtmp1' size is now 12 MB.
2021-09-28 12:51:06 0 [Note] InnoDB: 10.6.4 started; log sequence number 217304; transaction id 310
2021-09-28 12:51:06 0 [Note] Plugin 'FEEDBACK' is disabled.
2021-09-28 12:51:06 0 [Note] InnoDB: Loading buffer pool(s) from /usr/local/var/mysql/ib_buffer_pool
2021-09-28 12:51:06 0 [Note] InnoDB: Buffer pool(s) load completed at 210928 12:51:06
2021-09-28 12:51:06 0 [Note] Server socket created on IP: '::'.
2021-09-28 12:51:06 0 [Note] Server socket created on IP: '0.0.0.0'.
2021-09-28 12:51:06 0 [Note] /usr/local/Cellar/mariadb/10.6.4/bin/mariadbd: ready for connections.
Version: '10.6.4-MariaDB'  socket: '/tmp/mysql.sock'  port: 3306  Homebrew
2021-09-28 14:30:17 15 [Warning] Aborted connection 15 to db: 'mooddb' user: 'root' host: 'localhost' (Got an error reading communication packets)
2021-09-30  0:59:12 0 [Note] /usr/local/Cellar/mariadb/10.6.4/bin/mariadbd (initiated by: unknown): Normal shutdown
2021-09-30  0:59:12 0 [Note] InnoDB: FTS optimize thread exiting.
2021-09-30  0:59:12 0 [Note] InnoDB: Starting shutdown...
2021-09-30  0:59:12 0 [Note] InnoDB: Dumping buffer pool(s) to /usr/local/var/mysql/ib_buffer_pool
2021-09-30  0:59:12 0 [Note] InnoDB: Buffer pool(s) dump completed at 210930  0:59:12
2021-09-30  0:59:12 0 [Note] InnoDB: Removed temporary tablespace data file: "./ibtmp1"
2021-09-30  0:59:12 0 [Note] InnoDB: Shutdown completed; log sequence number 261909; transaction id 467
2021-09-30  0:59:12 0 [Note] /usr/local/Cellar/mariadb/10.6.4/bin/mariadbd: Shutdown complete

210930 15:02:21 mysqld_safe Starting mariadbd daemon with databases from /usr/local/var/mysql
2021-09-30 15:02:21 0 [Note] /usr/local/Cellar/mariadb/10.6.4/bin/mariadbd (server 10.6.4-MariaDB) starting as process 1872 ...
2021-09-30 15:02:21 0 [Warning] Setting lower_case_table_names=2 because file system for /usr/local/var/mysql/ is case insensitive
2021-09-30 15:02:21 0 [Note] InnoDB: Compressed tables use zlib 1.2.11
2021-09-30 15:02:21 0 [Note] InnoDB: Number of pools: 1
2021-09-30 15:02:21 0 [Note] InnoDB: Using crc32 + pclmulqdq instructions
2021-09-30 15:02:21 0 [Note] InnoDB: Initializing buffer pool, total size = 134217728, chunk size = 134217728
2021-09-30 15:02:21 0 [Note] InnoDB: Completed initialization of buffer pool
2021-09-30 15:02:21 0 [Note] InnoDB: 128 rollback segments are active.
2021-09-30 15:02:21 0 [Note] InnoDB: Creating shared tablespace for temporary tables
2021-09-30 15:02:21 0 [Note] InnoDB: Setting file './ibtmp1' size to 12 MB. Physically writing the file full; Please wait ...
2021-09-30 15:02:21 0 [Note] InnoDB: File './ibtmp1' size is now 12 MB.
2021-09-30 15:02:21 0 [Note] InnoDB: 10.6.4 started; log sequence number 261909; transaction id 468
2021-09-30 15:02:21 0 [Note] Plugin 'FEEDBACK' is disabled.
2021-09-30 15:02:21 0 [Note] InnoDB: Loading buffer pool(s) from /usr/local/var/mysql/ib_buffer_pool
2021-09-30 15:02:21 0 [Note] InnoDB: Buffer pool(s) load completed at 210930 15:02:21
2021-09-30 15:02:21 0 [Note] Server socket created on IP: '::'.
2021-09-30 15:02:21 0 [Note] Server socket created on IP: '0.0.0.0'.
2021-09-30 15:02:22 0 [Note] /usr/local/Cellar/mariadb/10.6.4/bin/mariadbd: ready for connections.
Version: '10.6.4-MariaDB'  socket: '/tmp/mysql.sock'  port: 3306  Homebrew
2021-09-30 22:44:19 365 [Warning] Aborted connection 365 to db: 'mooddb' user: 'root' host: 'localhost' (Got an error reading communication packets)
2021-10-01  0:32:40 0 [Note] /usr/local/Cellar/mariadb/10.6.4/bin/mariadbd (initiated by: unknown): Normal shutdown
2021-10-01  0:32:40 0 [Note] InnoDB: FTS optimize thread exiting.
2021-10-01  0:32:40 0 [Note] InnoDB: Starting shutdown...
2021-10-01  0:32:40 0 [Note] InnoDB: Dumping buffer pool(s) to /usr/local/var/mysql/ib_buffer_pool
2021-10-01  0:32:40 0 [Note] InnoDB: Buffer pool(s) dump completed at 211001  0:32:40
2021-10-01  0:32:40 0 [Note] InnoDB: Removed temporary tablespace data file: "./ibtmp1"
2021-10-01  0:32:40 0 [Note] InnoDB: Shutdown completed; log sequence number 279022; transaction id 522
2021-10-01  0:32:40 0 [Note] /usr/local/Cellar/mariadb/10.6.4/bin/mariadbd: Shutdown complete

211001 19:03:43 mysqld_safe Starting mariadbd daemon with databases from /usr/local/var/mysql
2021-10-01 19:03:43 0 [Note] /usr/local/Cellar/mariadb/10.6.4/bin/mariadbd (server 10.6.4-MariaDB) starting as process 3783 ...
2021-10-01 19:03:43 0 [Warning] Setting lower_case_table_names=2 because file system for /usr/local/var/mysql/ is case insensitive
2021-10-01 19:03:43 0 [Note] InnoDB: Compressed tables use zlib 1.2.11
2021-10-01 19:03:43 0 [Note] InnoDB: Number of pools: 1
2021-10-01 19:03:43 0 [Note] InnoDB: Using crc32 + pclmulqdq instructions
2021-10-01 19:03:43 0 [Note] InnoDB: Initializing buffer pool, total size = 134217728, chunk size = 134217728
2021-10-01 19:03:43 0 [Note] InnoDB: Completed initialization of buffer pool
2021-10-01 19:03:43 0 [Note] InnoDB: 128 rollback segments are active.
2021-10-01 19:03:43 0 [Note] InnoDB: Creating shared tablespace for temporary tables
2021-10-01 19:03:43 0 [Note] InnoDB: Setting file './ibtmp1' size to 12 MB. Physically writing the file full; Please wait ...
2021-10-01 19:03:43 0 [Note] InnoDB: File './ibtmp1' size is now 12 MB.
2021-10-01 19:03:43 0 [Note] InnoDB: 10.6.4 started; log sequence number 279022; transaction id 523
2021-10-01 19:03:43 0 [Note] Plugin 'FEEDBACK' is disabled.
2021-10-01 19:03:43 0 [Note] InnoDB: Loading buffer pool(s) from /usr/local/var/mysql/ib_buffer_pool
2021-10-01 19:03:43 0 [Note] InnoDB: Buffer pool(s) load completed at 211001 19:03:43
2021-10-01 19:03:43 0 [Note] Server socket created on IP: '::'.
2021-10-01 19:03:43 0 [Note] Server socket created on IP: '0.0.0.0'.
2021-10-01 19:03:43 0 [Note] /usr/local/Cellar/mariadb/10.6.4/bin/mariadbd: ready for connections.
Version: '10.6.4-MariaDB'  socket: '/tmp/mysql.sock'  port: 3306  Homebrew
2021-10-01 21:37:36 0 [Note] /usr/local/Cellar/mariadb/10.6.4/bin/mariadbd (initiated by: unknown): Normal shutdown
2021-10-01 21:37:36 0 [Note] InnoDB: FTS optimize thread exiting.
2021-10-01 21:37:36 0 [Note] InnoDB: Starting shutdown...
2021-10-01 21:37:36 0 [Note] InnoDB: Dumping buffer pool(s) to /usr/local/var/mysql/ib_buffer_pool
2021-10-01 21:37:36 0 [Note] InnoDB: Buffer pool(s) dump completed at 211001 21:37:36
2021-10-01 21:37:36 0 [Note] InnoDB: Removed temporary tablespace data file: "./ibtmp1"
2021-10-01 21:37:36 0 [Note] InnoDB: Shutdown completed; log sequence number 279034; transaction id 524
2021-10-01 21:37:36 0 [Note] /usr/local/Cellar/mariadb/10.6.4/bin/mariadbd: Shutdown complete

211003 18:34:26 mysqld_safe Starting mariadbd daemon with databases from /usr/local/var/mysql
2021-10-03 18:34:27 0 [Note] /usr/local/Cellar/mariadb/10.6.4/bin/mariadbd (server 10.6.4-MariaDB) starting as process 2747 ...
2021-10-03 18:34:27 0 [Warning] Setting lower_case_table_names=2 because file system for /usr/local/var/mysql/ is case insensitive
2021-10-03 18:34:27 0 [Note] InnoDB: Compressed tables use zlib 1.2.11
2021-10-03 18:34:27 0 [Note] InnoDB: Number of pools: 1
2021-10-03 18:34:27 0 [Note] InnoDB: Using crc32 + pclmulqdq instructions
2021-10-03 18:34:27 0 [Note] InnoDB: Initializing buffer pool, total size = 134217728, chunk size = 134217728
2021-10-03 18:34:27 0 [Note] InnoDB: Completed initialization of buffer pool
2021-10-03 18:34:27 0 [Note] InnoDB: 128 rollback segments are active.
2021-10-03 18:34:27 0 [Note] InnoDB: Creating shared tablespace for temporary tables
2021-10-03 18:34:27 0 [Note] InnoDB: Setting file './ibtmp1' size to 12 MB. Physically writing the file full; Please wait ...
2021-10-03 18:34:27 0 [Note] InnoDB: File './ibtmp1' size is now 12 MB.
2021-10-03 18:34:27 0 [Note] InnoDB: 10.6.4 started; log sequence number 279034; transaction id 523
2021-10-03 18:34:27 0 [Note] Plugin 'FEEDBACK' is disabled.
2021-10-03 18:34:27 0 [Note] InnoDB: Loading buffer pool(s) from /usr/local/var/mysql/ib_buffer_pool
2021-10-03 18:34:27 0 [Note] InnoDB: Buffer pool(s) load completed at 211003 18:34:27
2021-10-03 18:34:27 0 [Note] Server socket created on IP: '::'.
2021-10-03 18:34:27 0 [Note] Server socket created on IP: '0.0.0.0'.
2021-10-03 18:34:27 0 [Note] /usr/local/Cellar/mariadb/10.6.4/bin/mariadbd: ready for connections.
Version: '10.6.4-MariaDB'  socket: '/tmp/mysql.sock'  port: 3306  Homebrew
2021-10-03 18:55:13 0 [Note] /usr/local/Cellar/mariadb/10.6.4/bin/mariadbd (initiated by: unknown): Normal shutdown
2021-10-03 18:55:13 0 [Note] InnoDB: FTS optimize thread exiting.
2021-10-03 18:55:13 0 [Note] InnoDB: Starting shutdown...
2021-10-03 18:55:13 0 [Note] InnoDB: Dumping buffer pool(s) to /usr/local/var/mysql/ib_buffer_pool
2021-10-03 18:55:13 0 [Note] InnoDB: Buffer pool(s) dump completed at 211003 18:55:13
2021-10-03 18:55:14 0 [Note] InnoDB: Removed temporary tablespace data file: "./ibtmp1"
2021-10-03 18:55:14 0 [Note] InnoDB: Shutdown completed; log sequence number 279062; transaction id 530
2021-10-03 18:55:14 0 [Note] /usr/local/Cellar/mariadb/10.6.4/bin/mariadbd: Shutdown complete

211003 19:55:10 mysqld_safe Starting mariadbd daemon with databases from /usr/local/var/mysql
2021-10-03 19:55:10 0 [Note] /usr/local/Cellar/mariadb/10.6.4/bin/mariadbd (server 10.6.4-MariaDB) starting as process 1071 ...
2021-10-03 19:55:10 0 [Warning] Setting lower_case_table_names=2 because file system for /usr/local/var/mysql/ is case insensitive
2021-10-03 19:55:10 0 [Note] InnoDB: Compressed tables use zlib 1.2.11
2021-10-03 19:55:10 0 [Note] InnoDB: Number of pools: 1
2021-10-03 19:55:10 0 [Note] InnoDB: Using crc32 + pclmulqdq instructions
2021-10-03 19:55:10 0 [Note] InnoDB: Initializing buffer pool, total size = 134217728, chunk size = 134217728
2021-10-03 19:55:10 0 [Note] InnoDB: Completed initialization of buffer pool
2021-10-03 19:55:10 0 [Note] InnoDB: 128 rollback segments are active.
2021-10-03 19:55:10 0 [Note] InnoDB: Creating shared tablespace for temporary tables
2021-10-03 19:55:10 0 [Note] InnoDB: Setting file './ibtmp1' size to 12 MB. Physically writing the file full; Please wait ...
2021-10-03 19:55:10 0 [Note] InnoDB: File './ibtmp1' size is now 12 MB.
2021-10-03 19:55:10 0 [Note] InnoDB: 10.6.4 started; log sequence number 279062; transaction id 523
2021-10-03 19:55:10 0 [Note] InnoDB: Loading buffer pool(s) from /usr/local/var/mysql/ib_buffer_pool
2021-10-03 19:55:10 0 [Note] Plugin 'FEEDBACK' is disabled.
2021-10-03 19:55:10 0 [Note] InnoDB: Buffer pool(s) load completed at 211003 19:55:10
2021-10-03 19:55:10 0 [Note] Server socket created on IP: '::'.
2021-10-03 19:55:10 0 [Note] Server socket created on IP: '0.0.0.0'.
2021-10-03 19:55:10 0 [Note] /usr/local/Cellar/mariadb/10.6.4/bin/mariadbd: ready for connections.
Version: '10.6.4-MariaDB'  socket: '/tmp/mysql.sock'  port: 3306  Homebrew
211004 11:31:13 mysqld_safe A mysqld process already exists
2021-10-04 22:32:45 0 [Note] /usr/local/Cellar/mariadb/10.6.4/bin/mariadbd (initiated by: unknown): Normal shutdown
2021-10-04 22:32:45 0 [Note] InnoDB: FTS optimize thread exiting.
2021-10-04 22:32:45 0 [Note] InnoDB: Starting shutdown...
2021-10-04 22:32:45 0 [Note] InnoDB: Dumping buffer pool(s) to /usr/local/var/mysql/ib_buffer_pool
2021-10-04 22:32:45 0 [Note] InnoDB: Buffer pool(s) dump completed at 211004 22:32:45
2021-10-04 22:32:45 0 [Note] InnoDB: Removed temporary tablespace data file: "./ibtmp1"
2021-10-04 22:32:45 0 [Note] InnoDB: Shutdown completed; log sequence number 298226; transaction id 621
2021-10-04 22:32:45 0 [Note] /usr/local/Cellar/mariadb/10.6.4/bin/mariadbd: Shutdown complete

211005 16:33:57 mysqld_safe Starting mariadbd daemon with databases from /usr/local/var/mysql
2021-10-05 16:33:57 0 [Note] /usr/local/Cellar/mariadb/10.6.4/bin/mariadbd (server 10.6.4-MariaDB) starting as process 2140 ...
2021-10-05 16:33:57 0 [Warning] Setting lower_case_table_names=2 because file system for /usr/local/var/mysql/ is case insensitive
2021-10-05 16:33:57 0 [Note] InnoDB: Compressed tables use zlib 1.2.11
2021-10-05 16:33:57 0 [Note] InnoDB: Number of pools: 1
2021-10-05 16:33:57 0 [Note] InnoDB: Using crc32 + pclmulqdq instructions
2021-10-05 16:33:57 0 [Note] InnoDB: Initializing buffer pool, total size = 134217728, chunk size = 134217728
2021-10-05 16:33:57 0 [Note] InnoDB: Completed initialization of buffer pool
2021-10-05 16:33:57 0 [Note] InnoDB: 128 rollback segments are active.
2021-10-05 16:33:57 0 [Note] InnoDB: Creating shared tablespace for temporary tables
2021-10-05 16:33:57 0 [Note] InnoDB: Setting file './ibtmp1' size to 12 MB. Physically writing the file full; Please wait ...
2021-10-05 16:33:57 0 [Note] InnoDB: File './ibtmp1' size is now 12 MB.
2021-10-05 16:33:57 0 [Note] InnoDB: 10.6.4 started; log sequence number 298226; transaction id 622
2021-10-05 16:33:57 0 [Note] Plugin 'FEEDBACK' is disabled.
2021-10-05 16:33:57 0 [Note] InnoDB: Loading buffer pool(s) from /usr/local/var/mysql/ib_buffer_pool
2021-10-05 16:33:57 0 [Note] InnoDB: Buffer pool(s) load completed at 211005 16:33:57
2021-10-05 16:33:57 0 [Note] Server socket created on IP: '::'.
2021-10-05 16:33:57 0 [Note] Server socket created on IP: '0.0.0.0'.
2021-10-05 16:33:57 0 [Note] /usr/local/Cellar/mariadb/10.6.4/bin/mariadbd: ready for connections.
Version: '10.6.4-MariaDB'  socket: '/tmp/mysql.sock'  port: 3306  Homebrew
2021-10-05 23:33:11 0 [Note] /usr/local/Cellar/mariadb/10.6.4/bin/mariadbd (initiated by: unknown): Normal shutdown
2021-10-05 23:33:11 0 [Note] InnoDB: FTS optimize thread exiting.
2021-10-05 23:33:11 0 [Note] InnoDB: Starting shutdown...
2021-10-05 23:33:11 0 [Note] InnoDB: Dumping buffer pool(s) to /usr/local/var/mysql/ib_buffer_pool
2021-10-05 23:33:11 0 [Note] InnoDB: Buffer pool(s) dump completed at 211005 23:33:11
2021-10-05 23:33:11 0 [Note] InnoDB: Removed temporary tablespace data file: "./ibtmp1"
2021-10-05 23:33:11 0 [Note] InnoDB: Shutdown completed; log sequence number 304721; transaction id 643
2021-10-05 23:33:11 0 [Note] /usr/local/Cellar/mariadb/10.6.4/bin/mariadbd: Shutdown complete

211006 08:46:33 mysqld_safe Starting mariadbd daemon with databases from /usr/local/var/mysql
2021-10-06  8:46:33 0 [Note] /usr/local/Cellar/mariadb/10.6.4/bin/mariadbd (server 10.6.4-MariaDB) starting as process 3810 ...
2021-10-06  8:46:33 0 [Warning] Setting lower_case_table_names=2 because file system for /usr/local/var/mysql/ is case insensitive
2021-10-06  8:46:33 0 [Note] InnoDB: Compressed tables use zlib 1.2.11
2021-10-06  8:46:33 0 [Note] InnoDB: Number of pools: 1
2021-10-06  8:46:33 0 [Note] InnoDB: Using crc32 + pclmulqdq instructions
2021-10-06  8:46:33 0 [Note] InnoDB: Initializing buffer pool, total size = 134217728, chunk size = 134217728
2021-10-06  8:46:33 0 [Note] InnoDB: Completed initialization of buffer pool
2021-10-06  8:46:33 0 [Note] InnoDB: 128 rollback segments are active.
2021-10-06  8:46:33 0 [Note] InnoDB: Creating shared tablespace for temporary tables
2021-10-06  8:46:33 0 [Note] InnoDB: Setting file './ibtmp1' size to 12 MB. Physically writing the file full; Please wait ...
2021-10-06  8:46:33 0 [Note] InnoDB: File './ibtmp1' size is now 12 MB.
2021-10-06  8:46:33 0 [Note] InnoDB: 10.6.4 started; log sequence number 304721; transaction id 644
2021-10-06  8:46:33 0 [Note] InnoDB: Loading buffer pool(s) from /usr/local/var/mysql/ib_buffer_pool
2021-10-06  8:46:33 0 [Note] Plugin 'FEEDBACK' is disabled.
2021-10-06  8:46:33 0 [Note] InnoDB: Buffer pool(s) load completed at 211006  8:46:33
2021-10-06  8:46:33 0 [Note] Server socket created on IP: '::'.
2021-10-06  8:46:33 0 [Note] Server socket created on IP: '0.0.0.0'.
2021-10-06  8:46:33 0 [Note] /usr/local/Cellar/mariadb/10.6.4/bin/mariadbd: ready for connections.
Version: '10.6.4-MariaDB'  socket: '/tmp/mysql.sock'  port: 3306  Homebrew
